[ 2021-04-03T20:09:48+08:00 ] 172.22.7.183 171.109.233.111 GET /api/login.html
[ log ] 120.77.146.195/api/login.html [运行时间：0.019598s][吞吐率：51.03req/s] [内存消耗：2,116.32kb] [文件加载：53]
[ info ] [ LANG ] /usr/local/apache/htdocs/tp5/thinkphp/lang/zh-cn.php
[ info ] [ BIND ] 'api'
[ info ] [ ROUTE ] array (
  'type' => 'module',
  'module' => 
  array (
    0 => 'api',
    1 => 'api',
    2 => 'login',
  ),
)
[ info ] [ HEADER ] array (
  'host' => '120.77.146.195',
  'connection' => 'keep-alive',
  'cache-control' => 'max-age=0',
  'upgrade-insecure-requests' => '1',
  'user-agent' => 'Mozilla/5.0 (Windows NT 10.0; Win64; x64) AppleWebKit/537.36 (KHTML, like Gecko) Chrome/89.0.4389.90 Safari/537.36',
  'accept' => 'text/html,application/xhtml+xml,application/xml;q=0.9,image/avif,image/webp,image/apng,*/*;q=0.8,application/signed-exchange;v=b3;q=0.9',
  'referer' => 'http://120.77.146.195/index/index.html',
  'accept-encoding' => 'gzip, deflate',
  'accept-language' => 'zh-CN,zh;q=0.9',
  'cookie' => 'PHPSESSID=dciao0gdb11i3irnbr1b3v1qd4',
)
[ info ] [ PARAM ] array (
  '/api/login_html' => '',
)
[ info ] [ RUN ] app\api\controller\Api->login[ /usr/local/apache/htdocs/tp5/application/api/controller/Api.php ]
[ info ] [ SESSION ] INIT array (
  'id' => '',
  'var_session_id' => '',
  'prefix' => 'think',
  'type' => '',
  'auto_start' => true,
)
[ info ] [ VIEW ] /usr/local/apache/htdocs/tp5/public/../application/api/view/api/login.html [ array (
) ]
[ info ] [ LOG ] INIT File

---------------------------------------------------------------
[ 2021-04-03T20:09:48+08:00 ] 172.22.7.183 171.109.233.111 GET /captcha.html
[ log ] 120.77.146.195/captcha.html [运行时间：0.017751s][吞吐率：56.33req/s] [内存消耗：1,662.69kb] [文件加载：43]
[ info ] [ LANG ] /usr/local/apache/htdocs/tp5/thinkphp/lang/zh-cn.php
[ info ] [ BIND ] 'api'
[ info ] [ ROUTE ] array (
  'type' => 'method',
  'method' => 
  array (
    0 => '\\think\\captcha\\CaptchaController',
    1 => 'index',
  ),
  'var' => 
  array (
  ),
)
[ info ] [ HEADER ] array (
  'host' => '120.77.146.195',
  'connection' => 'keep-alive',
  'user-agent' => 'Mozilla/5.0 (Windows NT 10.0; Win64; x64) AppleWebKit/537.36 (KHTML, like Gecko) Chrome/89.0.4389.90 Safari/537.36',
  'accept' => 'image/avif,image/webp,image/apng,image/svg+xml,image/*,*/*;q=0.8',
  'referer' => 'http://120.77.146.195/api/login.html',
  'accept-encoding' => 'gzip, deflate',
  'accept-language' => 'zh-CN,zh;q=0.9',
  'cookie' => 'PHPSESSID=dciao0gdb11i3irnbr1b3v1qd4',
)
[ info ] [ PARAM ] array (
  '/captcha_html' => '',
  'id' => NULL,
)
[ info ] [ RUN ] think\captcha\CaptchaController->index[ /usr/local/apache/htdocs/tp5/vendor/topthink/think-captcha/src/CaptchaController.php ]
[ info ] [ LOG ] INIT File
[ error ] [0]致命错误: Call to undefined function think\captcha\imagettftext()[/usr/local/apache/htdocs/tp5/vendor/topthink/think-captcha/src/Captcha.php:191]

---------------------------------------------------------------
[ 2021-04-03T20:29:31+08:00 ] 172.22.7.183 171.109.233.111 GET /api/login.html
[ log ] 120.77.146.195/api/login.html [运行时间：0.020937s][吞吐率：47.76req/s] [内存消耗：1,953.68kb] [文件加载：51]
[ info ] [ LANG ] /usr/local/apache/htdocs/tp5/thinkphp/lang/zh-cn.php
[ info ] [ BIND ] 'api'
[ info ] [ ROUTE ] array (
  'type' => 'module',
  'module' => 
  array (
    0 => 'api',
    1 => 'api',
    2 => 'login',
  ),
)
[ info ] [ HEADER ] array (
  'host' => '120.77.146.195',
  'connection' => 'keep-alive',
  'cache-control' => 'max-age=0',
  'upgrade-insecure-requests' => '1',
  'user-agent' => 'Mozilla/5.0 (Windows NT 10.0; Win64; x64) AppleWebKit/537.36 (KHTML, like Gecko) Chrome/89.0.4389.90 Safari/537.36',
  'accept' => 'text/html,application/xhtml+xml,application/xml;q=0.9,image/avif,image/webp,image/apng,*/*;q=0.8,application/signed-exchange;v=b3;q=0.9',
  'referer' => 'http://120.77.146.195/index/index.html',
  'accept-encoding' => 'gzip, deflate',
  'accept-language' => 'zh-CN,zh;q=0.9',
  'cookie' => 'PHPSESSID=dciao0gdb11i3irnbr1b3v1qd4',
)
[ info ] [ PARAM ] array (
  '/api/login_html' => '',
)
[ info ] [ RUN ] app\api\controller\Api->login[ /usr/local/apache/htdocs/tp5/application/api/controller/Api.php ]
[ info ] [ SESSION ] INIT array (
  'id' => '',
  'var_session_id' => '',
  'prefix' => 'think',
  'type' => '',
  'auto_start' => true,
)
[ info ] [ VIEW ] /usr/local/apache/htdocs/tp5/public/../application/api/view/api/login.html [ array (
) ]
[ info ] [ LOG ] INIT File

---------------------------------------------------------------
[ 2021-04-03T20:29:31+08:00 ] 172.22.7.183 171.109.233.111 GET /captcha.html
[ log ] 120.77.146.195/captcha.html [运行时间：0.016674s][吞吐率：59.97req/s] [内存消耗：1,662.69kb] [文件加载：43]
[ info ] [ LANG ] /usr/local/apache/htdocs/tp5/thinkphp/lang/zh-cn.php
[ info ] [ BIND ] 'api'
[ info ] [ ROUTE ] array (
  'type' => 'method',
  'method' => 
  array (
    0 => '\\think\\captcha\\CaptchaController',
    1 => 'index',
  ),
  'var' => 
  array (
  ),
)
[ info ] [ HEADER ] array (
  'host' => '120.77.146.195',
  'connection' => 'keep-alive',
  'user-agent' => 'Mozilla/5.0 (Windows NT 10.0; Win64; x64) AppleWebKit/537.36 (KHTML, like Gecko) Chrome/89.0.4389.90 Safari/537.36',
  'accept' => 'image/avif,image/webp,image/apng,image/svg+xml,image/*,*/*;q=0.8',
  'referer' => 'http://120.77.146.195/api/login.html',
  'accept-encoding' => 'gzip, deflate',
  'accept-language' => 'zh-CN,zh;q=0.9',
  'cookie' => 'PHPSESSID=dciao0gdb11i3irnbr1b3v1qd4',
)
[ info ] [ PARAM ] array (
  '/captcha_html' => '',
  'id' => NULL,
)
[ info ] [ RUN ] think\captcha\CaptchaController->index[ /usr/local/apache/htdocs/tp5/vendor/topthink/think-captcha/src/CaptchaController.php ]
[ info ] [ LOG ] INIT File
[ error ] [0]致命错误: Call to undefined function think\captcha\imagettftext()[/usr/local/apache/htdocs/tp5/vendor/topthink/think-captcha/src/Captcha.php:191]

---------------------------------------------------------------
[ 2021-04-03T20:29:32+08:00 ] 172.22.7.183 171.109.233.111 GET /api/login.html
[ log ] 120.77.146.195/api/login.html [运行时间：0.019609s][吞吐率：51.00req/s] [内存消耗：1,953.68kb] [文件加载：51]
[ info ] [ LANG ] /usr/local/apache/htdocs/tp5/thinkphp/lang/zh-cn.php
[ info ] [ BIND ] 'api'
[ info ] [ ROUTE ] array (
  'type' => 'module',
  'module' => 
  array (
    0 => 'api',
    1 => 'api',
    2 => 'login',
  ),
)
[ info ] [ HEADER ] array (
  'host' => '120.77.146.195',
  'connection' => 'keep-alive',
  'cache-control' => 'max-age=0',
  'upgrade-insecure-requests' => '1',
  'user-agent' => 'Mozilla/5.0 (Windows NT 10.0; Win64; x64) AppleWebKit/537.36 (KHTML, like Gecko) Chrome/89.0.4389.90 Safari/537.36',
  'accept' => 'text/html,application/xhtml+xml,application/xml;q=0.9,image/avif,image/webp,image/apng,*/*;q=0.8,application/signed-exchange;v=b3;q=0.9',
  'referer' => 'http://120.77.146.195/index/index.html',
  'accept-encoding' => 'gzip, deflate',
  'accept-language' => 'zh-CN,zh;q=0.9',
  'cookie' => 'PHPSESSID=dciao0gdb11i3irnbr1b3v1qd4',
)
[ info ] [ PARAM ] array (
  '/api/login_html' => '',
)
[ info ] [ RUN ] app\api\controller\Api->login[ /usr/local/apache/htdocs/tp5/application/api/controller/Api.php ]
[ info ] [ SESSION ] INIT array (
  'id' => '',
  'var_session_id' => '',
  'prefix' => 'think',
  'type' => '',
  'auto_start' => true,
)
[ info ] [ VIEW ] /usr/local/apache/htdocs/tp5/public/../application/api/view/api/login.html [ array (
) ]
[ info ] [ LOG ] INIT File

---------------------------------------------------------------
[ 2021-04-03T20:29:32+08:00 ] 172.22.7.183 171.109.233.111 GET /captcha.html
[ log ] 120.77.146.195/captcha.html [运行时间：0.017405s][吞吐率：57.45req/s] [内存消耗：1,662.69kb] [文件加载：43]
[ info ] [ LANG ] /usr/local/apache/htdocs/tp5/thinkphp/lang/zh-cn.php
[ info ] [ BIND ] 'api'
[ info ] [ ROUTE ] array (
  'type' => 'method',
  'method' => 
  array (
    0 => '\\think\\captcha\\CaptchaController',
    1 => 'index',
  ),
  'var' => 
  array (
  ),
)
[ info ] [ HEADER ] array (
  'host' => '120.77.146.195',
  'connection' => 'keep-alive',
  'user-agent' => 'Mozilla/5.0 (Windows NT 10.0; Win64; x64) AppleWebKit/537.36 (KHTML, like Gecko) Chrome/89.0.4389.90 Safari/537.36',
  'accept' => 'image/avif,image/webp,image/apng,image/svg+xml,image/*,*/*;q=0.8',
  'referer' => 'http://120.77.146.195/api/login.html',
  'accept-encoding' => 'gzip, deflate',
  'accept-language' => 'zh-CN,zh;q=0.9',
  'cookie' => 'PHPSESSID=dciao0gdb11i3irnbr1b3v1qd4',
)
[ info ] [ PARAM ] array (
  '/captcha_html' => '',
  'id' => NULL,
)
[ info ] [ RUN ] think\captcha\CaptchaController->index[ /usr/local/apache/htdocs/tp5/vendor/topthink/think-captcha/src/CaptchaController.php ]
[ info ] [ LOG ] INIT File
[ error ] [0]致命错误: Call to undefined function think\captcha\imagettftext()[/usr/local/apache/htdocs/tp5/vendor/topthink/think-captcha/src/Captcha.php:191]

---------------------------------------------------------------
[ 2021-04-03T20:29:32+08:00 ] 172.22.7.183 171.109.233.111 GET /api/login.html
[ log ] 120.77.146.195/api/login.html [运行时间：0.020741s][吞吐率：48.21req/s] [内存消耗：1,953.68kb] [文件加载：51]
[ info ] [ LANG ] /usr/local/apache/htdocs/tp5/thinkphp/lang/zh-cn.php
[ info ] [ BIND ] 'api'
[ info ] [ ROUTE ] array (
  'type' => 'module',
  'module' => 
  array (
    0 => 'api',
    1 => 'api',
    2 => 'login',
  ),
)
[ info ] [ HEADER ] array (
  'host' => '120.77.146.195',
  'connection' => 'keep-alive',
  'cache-control' => 'max-age=0',
  'upgrade-insecure-requests' => '1',
  'user-agent' => 'Mozilla/5.0 (Windows NT 10.0; Win64; x64) AppleWebKit/537.36 (KHTML, like Gecko) Chrome/89.0.4389.90 Safari/537.36',
  'accept' => 'text/html,application/xhtml+xml,application/xml;q=0.9,image/avif,image/webp,image/apng,*/*;q=0.8,application/signed-exchange;v=b3;q=0.9',
  'referer' => 'http://120.77.146.195/index/index.html',
  'accept-encoding' => 'gzip, deflate',
  'accept-language' => 'zh-CN,zh;q=0.9',
  'cookie' => 'PHPSESSID=dciao0gdb11i3irnbr1b3v1qd4',
)
[ info ] [ PARAM ] array (
  '/api/login_html' => '',
)
[ info ] [ RUN ] app\api\controller\Api->login[ /usr/local/apache/htdocs/tp5/application/api/controller/Api.php ]
[ info ] [ SESSION ] INIT array (
  'id' => '',
  'var_session_id' => '',
  'prefix' => 'think',
  'type' => '',
  'auto_start' => true,
)
[ info ] [ VIEW ] /usr/local/apache/htdocs/tp5/public/../application/api/view/api/login.html [ array (
) ]
[ info ] [ LOG ] INIT File

---------------------------------------------------------------
[ 2021-04-03T20:29:33+08:00 ] 172.22.7.183 171.109.233.111 GET /captcha.html
[ log ] 120.77.146.195/captcha.html [运行时间：0.014992s][吞吐率：66.70req/s] [内存消耗：1,662.69kb] [文件加载：43]
[ info ] [ LANG ] /usr/local/apache/htdocs/tp5/thinkphp/lang/zh-cn.php
[ info ] [ BIND ] 'api'
[ info ] [ ROUTE ] array (
  'type' => 'method',
  'method' => 
  array (
    0 => '\\think\\captcha\\CaptchaController',
    1 => 'index',
  ),
  'var' => 
  array (
  ),
)
[ info ] [ HEADER ] array (
  'host' => '120.77.146.195',
  'connection' => 'keep-alive',
  'user-agent' => 'Mozilla/5.0 (Windows NT 10.0; Win64; x64) AppleWebKit/537.36 (KHTML, like Gecko) Chrome/89.0.4389.90 Safari/537.36',
  'accept' => 'image/avif,image/webp,image/apng,image/svg+xml,image/*,*/*;q=0.8',
  'referer' => 'http://120.77.146.195/api/login.html',
  'accept-encoding' => 'gzip, deflate',
  'accept-language' => 'zh-CN,zh;q=0.9',
  'cookie' => 'PHPSESSID=dciao0gdb11i3irnbr1b3v1qd4',
)
[ info ] [ PARAM ] array (
  '/captcha_html' => '',
  'id' => NULL,
)
[ info ] [ RUN ] think\captcha\CaptchaController->index[ /usr/local/apache/htdocs/tp5/vendor/topthink/think-captcha/src/CaptchaController.php ]
[ info ] [ LOG ] INIT File
[ error ] [0]致命错误: Call to undefined function think\captcha\imagettftext()[/usr/local/apache/htdocs/tp5/vendor/topthink/think-captcha/src/Captcha.php:191]

---------------------------------------------------------------
[ 2021-04-03T20:29:33+08:00 ] 172.22.7.183 171.109.233.111 GET /api/login.html
[ log ] 120.77.146.195/api/login.html [运行时间：0.018621s][吞吐率：53.70req/s] [内存消耗：1,953.68kb] [文件加载：51]
[ info ] [ LANG ] /usr/local/apache/htdocs/tp5/thinkphp/lang/zh-cn.php
[ info ] [ BIND ] 'api'
[ info ] [ ROUTE ] array (
  'type' => 'module',
  'module' => 
  array (
    0 => 'api',
    1 => 'api',
    2 => 'login',
  ),
)
[ info ] [ HEADER ] array (
  'host' => '120.77.146.195',
  'connection' => 'keep-alive',
  'cache-control' => 'max-age=0',
  'upgrade-insecure-requests' => '1',
  'user-agent' => 'Mozilla/5.0 (Windows NT 10.0; Win64; x64) AppleWebKit/537.36 (KHTML, like Gecko) Chrome/89.0.4389.90 Safari/537.36',
  'accept' => 'text/html,application/xhtml+xml,application/xml;q=0.9,image/avif,image/webp,image/apng,*/*;q=0.8,application/signed-exchange;v=b3;q=0.9',
  'referer' => 'http://120.77.146.195/index/index.html',
  'accept-encoding' => 'gzip, deflate',
  'accept-language' => 'zh-CN,zh;q=0.9',
  'cookie' => 'PHPSESSID=dciao0gdb11i3irnbr1b3v1qd4',
)
[ info ] [ PARAM ] array (
  '/api/login_html' => '',
)
[ info ] [ RUN ] app\api\controller\Api->login[ /usr/local/apache/htdocs/tp5/application/api/controller/Api.php ]
[ info ] [ SESSION ] INIT array (
  'id' => '',
  'var_session_id' => '',
  'prefix' => 'think',
  'type' => '',
  'auto_start' => true,
)
[ info ] [ VIEW ] /usr/local/apache/htdocs/tp5/public/../application/api/view/api/login.html [ array (
) ]
[ info ] [ LOG ] INIT File

---------------------------------------------------------------
[ 2021-04-03T20:29:33+08:00 ] 172.22.7.183 171.109.233.111 GET /captcha.html
[ log ] 120.77.146.195/captcha.html [运行时间：0.018195s][吞吐率：54.96req/s] [内存消耗：1,662.69kb] [文件加载：43]
[ info ] [ LANG ] /usr/local/apache/htdocs/tp5/thinkphp/lang/zh-cn.php
[ info ] [ BIND ] 'api'
[ info ] [ ROUTE ] array (
  'type' => 'method',
  'method' => 
  array (
    0 => '\\think\\captcha\\CaptchaController',
    1 => 'index',
  ),
  'var' => 
  array (
  ),
)
[ info ] [ HEADER ] array (
  'host' => '120.77.146.195',
  'connection' => 'keep-alive',
  'user-agent' => 'Mozilla/5.0 (Windows NT 10.0; Win64; x64) AppleWebKit/537.36 (KHTML, like Gecko) Chrome/89.0.4389.90 Safari/537.36',
  'accept' => 'image/avif,image/webp,image/apng,image/svg+xml,image/*,*/*;q=0.8',
  'referer' => 'http://120.77.146.195/api/login.html',
  'accept-encoding' => 'gzip, deflate',
  'accept-language' => 'zh-CN,zh;q=0.9',
  'cookie' => 'PHPSESSID=dciao0gdb11i3irnbr1b3v1qd4',
)
[ info ] [ PARAM ] array (
  '/captcha_html' => '',
  'id' => NULL,
)
[ info ] [ RUN ] think\captcha\CaptchaController->index[ /usr/local/apache/htdocs/tp5/vendor/topthink/think-captcha/src/CaptchaController.php ]
[ info ] [ LOG ] INIT File
[ error ] [0]致命错误: Call to undefined function think\captcha\imagettftext()[/usr/local/apache/htdocs/tp5/vendor/topthink/think-captcha/src/Captcha.php:191]

---------------------------------------------------------------
[ 2021-04-03T20:29:33+08:00 ] 172.22.7.183 171.109.233.111 GET /api/login.html
[ log ] 120.77.146.195/api/login.html [运行时间：0.022174s][吞吐率：45.10req/s] [内存消耗：1,953.68kb] [文件加载：51]
[ info ] [ LANG ] /usr/local/apache/htdocs/tp5/thinkphp/lang/zh-cn.php
[ info ] [ BIND ] 'api'
[ info ] [ ROUTE ] array (
  'type' => 'module',
  'module' => 
  array (
    0 => 'api',
    1 => 'api',
    2 => 'login',
  ),
)
[ info ] [ HEADER ] array (
  'host' => '120.77.146.195',
  'connection' => 'keep-alive',
  'cache-control' => 'max-age=0',
  'upgrade-insecure-requests' => '1',
  'user-agent' => 'Mozilla/5.0 (Windows NT 10.0; Win64; x64) AppleWebKit/537.36 (KHTML, like Gecko) Chrome/89.0.4389.90 Safari/537.36',
  'accept' => 'text/html,application/xhtml+xml,application/xml;q=0.9,image/avif,image/webp,image/apng,*/*;q=0.8,application/signed-exchange;v=b3;q=0.9',
  'referer' => 'http://120.77.146.195/index/index.html',
  'accept-encoding' => 'gzip, deflate',
  'accept-language' => 'zh-CN,zh;q=0.9',
  'cookie' => 'PHPSESSID=dciao0gdb11i3irnbr1b3v1qd4',
)
[ info ] [ PARAM ] array (
  '/api/login_html' => '',
)
[ info ] [ RUN ] app\api\controller\Api->login[ /usr/local/apache/htdocs/tp5/application/api/controller/Api.php ]
[ info ] [ SESSION ] INIT array (
  'id' => '',
  'var_session_id' => '',
  'prefix' => 'think',
  'type' => '',
  'auto_start' => true,
)
[ info ] [ VIEW ] /usr/local/apache/htdocs/tp5/public/../application/api/view/api/login.html [ array (
) ]
[ info ] [ LOG ] INIT File

---------------------------------------------------------------
[ 2021-04-03T20:29:33+08:00 ] 172.22.7.183 171.109.233.111 GET /captcha.html
[ log ] 120.77.146.195/captcha.html [运行时间：0.024259s][吞吐率：41.22req/s] [内存消耗：1,662.69kb] [文件加载：43]
[ info ] [ LANG ] /usr/local/apache/htdocs/tp5/thinkphp/lang/zh-cn.php
[ info ] [ BIND ] 'api'
[ info ] [ ROUTE ] array (
  'type' => 'method',
  'method' => 
  array (
    0 => '\\think\\captcha\\CaptchaController',
    1 => 'index',
  ),
  'var' => 
  array (
  ),
)
[ info ] [ HEADER ] array (
  'host' => '120.77.146.195',
  'connection' => 'keep-alive',
  'user-agent' => 'Mozilla/5.0 (Windows NT 10.0; Win64; x64) AppleWebKit/537.36 (KHTML, like Gecko) Chrome/89.0.4389.90 Safari/537.36',
  'accept' => 'image/avif,image/webp,image/apng,image/svg+xml,image/*,*/*;q=0.8',
  'referer' => 'http://120.77.146.195/api/login.html',
  'accept-encoding' => 'gzip, deflate',
  'accept-language' => 'zh-CN,zh;q=0.9',
  'cookie' => 'PHPSESSID=dciao0gdb11i3irnbr1b3v1qd4',
)
[ info ] [ PARAM ] array (
  '/captcha_html' => '',
  'id' => NULL,
)
[ info ] [ RUN ] think\captcha\CaptchaController->index[ /usr/local/apache/htdocs/tp5/vendor/topthink/think-captcha/src/CaptchaController.php ]
[ info ] [ LOG ] INIT File
[ error ] [0]致命错误: Call to undefined function think\captcha\imagettftext()[/usr/local/apache/htdocs/tp5/vendor/topthink/think-captcha/src/Captcha.php:191]

---------------------------------------------------------------
[ 2021-04-03T20:29:33+08:00 ] 172.22.7.183 171.109.233.111 GET /api/login.html
[ log ] 120.77.146.195/api/login.html [运行时间：0.016583s][吞吐率：60.30req/s] [内存消耗：1,953.68kb] [文件加载：51]
[ info ] [ LANG ] /usr/local/apache/htdocs/tp5/thinkphp/lang/zh-cn.php
[ info ] [ BIND ] 'api'
[ info ] [ ROUTE ] array (
  'type' => 'module',
  'module' => 
  array (
    0 => 'api',
    1 => 'api',
    2 => 'login',
  ),
)
[ info ] [ HEADER ] array (
  'host' => '120.77.146.195',
  'connection' => 'keep-alive',
  'cache-control' => 'max-age=0',
  'upgrade-insecure-requests' => '1',
  'user-agent' => 'Mozilla/5.0 (Windows NT 10.0; Win64; x64) AppleWebKit/537.36 (KHTML, like Gecko) Chrome/89.0.4389.90 Safari/537.36',
  'accept' => 'text/html,application/xhtml+xml,application/xml;q=0.9,image/avif,image/webp,image/apng,*/*;q=0.8,application/signed-exchange;v=b3;q=0.9',
  'referer' => 'http://120.77.146.195/index/index.html',
  'accept-encoding' => 'gzip, deflate',
  'accept-language' => 'zh-CN,zh;q=0.9',
  'cookie' => 'PHPSESSID=dciao0gdb11i3irnbr1b3v1qd4',
)
[ info ] [ PARAM ] array (
  '/api/login_html' => '',
)
[ info ] [ RUN ] app\api\controller\Api->login[ /usr/local/apache/htdocs/tp5/application/api/controller/Api.php ]
[ info ] [ SESSION ] INIT array (
  'id' => '',
  'var_session_id' => '',
  'prefix' => 'think',
  'type' => '',
  'auto_start' => true,
)
[ info ] [ VIEW ] /usr/local/apache/htdocs/tp5/public/../application/api/view/api/login.html [ array (
) ]
[ info ] [ LOG ] INIT File

---------------------------------------------------------------
[ 2021-04-03T20:29:33+08:00 ] 172.22.7.183 171.109.233.111 GET /captcha.html
[ log ] 120.77.146.195/captcha.html [运行时间：0.016019s][吞吐率：62.43req/s] [内存消耗：1,662.69kb] [文件加载：43]
[ info ] [ LANG ] /usr/local/apache/htdocs/tp5/thinkphp/lang/zh-cn.php
[ info ] [ BIND ] 'api'
[ info ] [ ROUTE ] array (
  'type' => 'method',
  'method' => 
  array (
    0 => '\\think\\captcha\\CaptchaController',
    1 => 'index',
  ),
  'var' => 
  array (
  ),
)
[ info ] [ HEADER ] array (
  'host' => '120.77.146.195',
  'connection' => 'keep-alive',
  'user-agent' => 'Mozilla/5.0 (Windows NT 10.0; Win64; x64) AppleWebKit/537.36 (KHTML, like Gecko) Chrome/89.0.4389.90 Safari/537.36',
  'accept' => 'image/avif,image/webp,image/apng,image/svg+xml,image/*,*/*;q=0.8',
  'referer' => 'http://120.77.146.195/api/login.html',
  'accept-encoding' => 'gzip, deflate',
  'accept-language' => 'zh-CN,zh;q=0.9',
  'cookie' => 'PHPSESSID=dciao0gdb11i3irnbr1b3v1qd4',
)
[ info ] [ PARAM ] array (
  '/captcha_html' => '',
  'id' => NULL,
)
[ info ] [ RUN ] think\captcha\CaptchaController->index[ /usr/local/apache/htdocs/tp5/vendor/topthink/think-captcha/src/CaptchaController.php ]
[ info ] [ LOG ] INIT File
[ error ] [0]致命错误: Call to undefined function think\captcha\imagettftext()[/usr/local/apache/htdocs/tp5/vendor/topthink/think-captcha/src/Captcha.php:191]

---------------------------------------------------------------
[ 2021-04-03T20:29:33+08:00 ] 172.22.7.183 171.109.233.111 GET /api/login.html
[ log ] 120.77.146.195/api/login.html [运行时间：0.018741s][吞吐率：53.36req/s] [内存消耗：1,953.68kb] [文件加载：51]
[ info ] [ LANG ] /usr/local/apache/htdocs/tp5/thinkphp/lang/zh-cn.php
[ info ] [ BIND ] 'api'
[ info ] [ ROUTE ] array (
  'type' => 'module',
  'module' => 
  array (
    0 => 'api',
    1 => 'api',
    2 => 'login',
  ),
)
[ info ] [ HEADER ] array (
  'host' => '120.77.146.195',
  'connection' => 'keep-alive',
  'cache-control' => 'max-age=0',
  'upgrade-insecure-requests' => '1',
  'user-agent' => 'Mozilla/5.0 (Windows NT 10.0; Win64; x64) AppleWebKit/537.36 (KHTML, like Gecko) Chrome/89.0.4389.90 Safari/537.36',
  'accept' => 'text/html,application/xhtml+xml,application/xml;q=0.9,image/avif,image/webp,image/apng,*/*;q=0.8,application/signed-exchange;v=b3;q=0.9',
  'referer' => 'http://120.77.146.195/index/index.html',
  'accept-encoding' => 'gzip, deflate',
  'accept-language' => 'zh-CN,zh;q=0.9',
  'cookie' => 'PHPSESSID=dciao0gdb11i3irnbr1b3v1qd4',
)
[ info ] [ PARAM ] array (
  '/api/login_html' => '',
)
[ info ] [ RUN ] app\api\controller\Api->login[ /usr/local/apache/htdocs/tp5/application/api/controller/Api.php ]
[ info ] [ SESSION ] INIT array (
  'id' => '',
  'var_session_id' => '',
  'prefix' => 'think',
  'type' => '',
  'auto_start' => true,
)
[ info ] [ VIEW ] /usr/local/apache/htdocs/tp5/public/../application/api/view/api/login.html [ array (
) ]
[ info ] [ LOG ] INIT File

---------------------------------------------------------------
[ 2021-04-03T20:29:33+08:00 ] 172.22.7.183 171.109.233.111 GET /captcha.html
[ log ] 120.77.146.195/captcha.html [运行时间：0.016991s][吞吐率：58.86req/s] [内存消耗：1,662.69kb] [文件加载：43]
[ info ] [ LANG ] /usr/local/apache/htdocs/tp5/thinkphp/lang/zh-cn.php
[ info ] [ BIND ] 'api'
[ info ] [ ROUTE ] array (
  'type' => 'method',
  'method' => 
  array (
    0 => '\\think\\captcha\\CaptchaController',
    1 => 'index',
  ),
  'var' => 
  array (
  ),
)
[ info ] [ HEADER ] array (
  'host' => '120.77.146.195',
  'connection' => 'keep-alive',
  'user-agent' => 'Mozilla/5.0 (Windows NT 10.0; Win64; x64) AppleWebKit/537.36 (KHTML, like Gecko) Chrome/89.0.4389.90 Safari/537.36',
  'accept' => 'image/avif,image/webp,image/apng,image/svg+xml,image/*,*/*;q=0.8',
  'referer' => 'http://120.77.146.195/api/login.html',
  'accept-encoding' => 'gzip, deflate',
  'accept-language' => 'zh-CN,zh;q=0.9',
  'cookie' => 'PHPSESSID=dciao0gdb11i3irnbr1b3v1qd4',
)
[ info ] [ PARAM ] array (
  '/captcha_html' => '',
  'id' => NULL,
)
[ info ] [ RUN ] think\captcha\CaptchaController->index[ /usr/local/apache/htdocs/tp5/vendor/topthink/think-captcha/src/CaptchaController.php ]
[ info ] [ LOG ] INIT File
[ error ] [0]致命错误: Call to undefined function think\captcha\imagettftext()[/usr/local/apache/htdocs/tp5/vendor/topthink/think-captcha/src/Captcha.php:191]

---------------------------------------------------------------
[ 2021-04-03T20:29:34+08:00 ] 172.22.7.183 171.109.233.111 GET /api/login.html
[ log ] 120.77.146.195/api/login.html [运行时间：0.022769s][吞吐率：43.92req/s] [内存消耗：1,953.68kb] [文件加载：51]
[ info ] [ LANG ] /usr/local/apache/htdocs/tp5/thinkphp/lang/zh-cn.php
[ info ] [ BIND ] 'api'
[ info ] [ ROUTE ] array (
  'type' => 'module',
  'module' => 
  array (
    0 => 'api',
    1 => 'api',
    2 => 'login',
  ),
)
[ info ] [ HEADER ] array (
  'host' => '120.77.146.195',
  'connection' => 'keep-alive',
  'cache-control' => 'max-age=0',
  'upgrade-insecure-requests' => '1',
  'user-agent' => 'Mozilla/5.0 (Windows NT 10.0; Win64; x64) AppleWebKit/537.36 (KHTML, like Gecko) Chrome/89.0.4389.90 Safari/537.36',
  'accept' => 'text/html,application/xhtml+xml,application/xml;q=0.9,image/avif,image/webp,image/apng,*/*;q=0.8,application/signed-exchange;v=b3;q=0.9',
  'referer' => 'http://120.77.146.195/index/index.html',
  'accept-encoding' => 'gzip, deflate',
  'accept-language' => 'zh-CN,zh;q=0.9',
  'cookie' => 'PHPSESSID=dciao0gdb11i3irnbr1b3v1qd4',
)
[ info ] [ PARAM ] array (
  '/api/login_html' => '',
)
[ info ] [ RUN ] app\api\controller\Api->login[ /usr/local/apache/htdocs/tp5/application/api/controller/Api.php ]
[ info ] [ SESSION ] INIT array (
  'id' => '',
  'var_session_id' => '',
  'prefix' => 'think',
  'type' => '',
  'auto_start' => true,
)
[ info ] [ VIEW ] /usr/local/apache/htdocs/tp5/public/../application/api/view/api/login.html [ array (
) ]
[ info ] [ LOG ] INIT File

---------------------------------------------------------------
[ 2021-04-03T20:29:34+08:00 ] 172.22.7.183 171.109.233.111 GET /captcha.html
[ log ] 120.77.146.195/captcha.html [运行时间：0.017730s][吞吐率：56.40req/s] [内存消耗：1,662.69kb] [文件加载：43]
[ info ] [ LANG ] /usr/local/apache/htdocs/tp5/thinkphp/lang/zh-cn.php
[ info ] [ BIND ] 'api'
[ info ] [ ROUTE ] array (
  'type' => 'method',
  'method' => 
  array (
    0 => '\\think\\captcha\\CaptchaController',
    1 => 'index',
  ),
  'var' => 
  array (
  ),
)
[ info ] [ HEADER ] array (
  'host' => '120.77.146.195',
  'connection' => 'keep-alive',
  'user-agent' => 'Mozilla/5.0 (Windows NT 10.0; Win64; x64) AppleWebKit/537.36 (KHTML, like Gecko) Chrome/89.0.4389.90 Safari/537.36',
  'accept' => 'image/avif,image/webp,image/apng,image/svg+xml,image/*,*/*;q=0.8',
  'referer' => 'http://120.77.146.195/api/login.html',
  'accept-encoding' => 'gzip, deflate',
  'accept-language' => 'zh-CN,zh;q=0.9',
  'cookie' => 'PHPSESSID=dciao0gdb11i3irnbr1b3v1qd4',
)
[ info ] [ PARAM ] array (
  '/captcha_html' => '',
  'id' => NULL,
)
[ info ] [ RUN ] think\captcha\CaptchaController->index[ /usr/local/apache/htdocs/tp5/vendor/topthink/think-captcha/src/CaptchaController.php ]
[ info ] [ LOG ] INIT File
[ error ] [0]致命错误: Call to undefined function think\captcha\imagettftext()[/usr/local/apache/htdocs/tp5/vendor/topthink/think-captcha/src/Captcha.php:191]

---------------------------------------------------------------
[ 2021-04-03T20:29:34+08:00 ] 172.22.7.183 171.109.233.111 GET /api/login.html
[ log ] 120.77.146.195/api/login.html [运行时间：0.018495s][吞吐率：54.07req/s] [内存消耗：1,953.68kb] [文件加载：51]
[ info ] [ LANG ] /usr/local/apache/htdocs/tp5/thinkphp/lang/zh-cn.php
[ info ] [ BIND ] 'api'
[ info ] [ ROUTE ] array (
  'type' => 'module',
  'module' => 
  array (
    0 => 'api',
    1 => 'api',
    2 => 'login',
  ),
)
[ info ] [ HEADER ] array (
  'host' => '120.77.146.195',
  'connection' => 'keep-alive',
  'cache-control' => 'max-age=0',
  'upgrade-insecure-requests' => '1',
  'user-agent' => 'Mozilla/5.0 (Windows NT 10.0; Win64; x64) AppleWebKit/537.36 (KHTML, like Gecko) Chrome/89.0.4389.90 Safari/537.36',
  'accept' => 'text/html,application/xhtml+xml,application/xml;q=0.9,image/avif,image/webp,image/apng,*/*;q=0.8,application/signed-exchange;v=b3;q=0.9',
  'referer' => 'http://120.77.146.195/index/index.html',
  'accept-encoding' => 'gzip, deflate',
  'accept-language' => 'zh-CN,zh;q=0.9',
  'cookie' => 'PHPSESSID=dciao0gdb11i3irnbr1b3v1qd4',
)
[ info ] [ PARAM ] array (
  '/api/login_html' => '',
)
[ info ] [ RUN ] app\api\controller\Api->login[ /usr/local/apache/htdocs/tp5/application/api/controller/Api.php ]
[ info ] [ SESSION ] INIT array (
  'id' => '',
  'var_session_id' => '',
  'prefix' => 'think',
  'type' => '',
  'auto_start' => true,
)
[ info ] [ VIEW ] /usr/local/apache/htdocs/tp5/public/../application/api/view/api/login.html [ array (
) ]
[ info ] [ LOG ] INIT File

---------------------------------------------------------------
[ 2021-04-03T20:29:34+08:00 ] 172.22.7.183 171.109.233.111 GET /captcha.html
[ log ] 120.77.146.195/captcha.html [运行时间：0.017297s][吞吐率：57.81req/s] [内存消耗：1,662.69kb] [文件加载：43]
[ info ] [ LANG ] /usr/local/apache/htdocs/tp5/thinkphp/lang/zh-cn.php
[ info ] [ BIND ] 'api'
[ info ] [ ROUTE ] array (
  'type' => 'method',
  'method' => 
  array (
    0 => '\\think\\captcha\\CaptchaController',
    1 => 'index',
  ),
  'var' => 
  array (
  ),
)
[ info ] [ HEADER ] array (
  'host' => '120.77.146.195',
  'connection' => 'keep-alive',
  'user-agent' => 'Mozilla/5.0 (Windows NT 10.0; Win64; x64) AppleWebKit/537.36 (KHTML, like Gecko) Chrome/89.0.4389.90 Safari/537.36',
  'accept' => 'image/avif,image/webp,image/apng,image/svg+xml,image/*,*/*;q=0.8',
  'referer' => 'http://120.77.146.195/api/login.html',
  'accept-encoding' => 'gzip, deflate',
  'accept-language' => 'zh-CN,zh;q=0.9',
  'cookie' => 'PHPSESSID=dciao0gdb11i3irnbr1b3v1qd4',
)
[ info ] [ PARAM ] array (
  '/captcha_html' => '',
  'id' => NULL,
)
[ info ] [ RUN ] think\captcha\CaptchaController->index[ /usr/local/apache/htdocs/tp5/vendor/topthink/think-captcha/src/CaptchaController.php ]
[ info ] [ LOG ] INIT File
[ error ] [0]致命错误: Call to undefined function think\captcha\imagettftext()[/usr/local/apache/htdocs/tp5/vendor/topthink/think-captcha/src/Captcha.php:191]

---------------------------------------------------------------
[ 2021-04-03T20:29:47+08:00 ] 172.22.7.183 171.109.233.111 GET /api/login.html
[ log ] 120.77.146.195/api/login.html [运行时间：0.026169s][吞吐率：38.21req/s] [内存消耗：1,953.57kb] [文件加载：51]
[ info ] [ LANG ] /usr/local/apache/htdocs/tp5/thinkphp/lang/zh-cn.php
[ info ] [ BIND ] 'api'
[ info ] [ ROUTE ] array (
  'type' => 'module',
  'module' => 
  array (
    0 => 'api',
    1 => 'api',
    2 => 'login',
  ),
)
[ info ] [ HEADER ] array (
  'host' => '120.77.146.195',
  'connection' => 'keep-alive',
  'cache-control' => 'max-age=0',
  'upgrade-insecure-requests' => '1',
  'user-agent' => 'Mozilla/5.0 (Windows NT 10.0; Win64; x64) AppleWebKit/537.36 (KHTML, like Gecko) Chrome/89.0.4389.90 Safari/537.36',
  'accept' => 'text/html,application/xhtml+xml,application/xml;q=0.9,image/avif,image/webp,image/apng,*/*;q=0.8,application/signed-exchange;v=b3;q=0.9',
  'referer' => 'http://120.77.146.195/index/index.html',
  'accept-encoding' => 'gzip, deflate',
  'accept-language' => 'zh-CN,zh;q=0.9',
)
[ info ] [ PARAM ] array (
  '/api/login_html' => '',
)
[ info ] [ RUN ] app\api\controller\Api->login[ /usr/local/apache/htdocs/tp5/application/api/controller/Api.php ]
[ info ] [ SESSION ] INIT array (
  'id' => '',
  'var_session_id' => '',
  'prefix' => 'think',
  'type' => '',
  'auto_start' => true,
)
[ info ] [ VIEW ] /usr/local/apache/htdocs/tp5/public/../application/api/view/api/login.html [ array (
) ]
[ info ] [ LOG ] INIT File

---------------------------------------------------------------
[ 2021-04-03T20:29:47+08:00 ] 172.22.7.183 171.109.233.111 GET /captcha.html
[ log ] 120.77.146.195/captcha.html [运行时间：0.015874s][吞吐率：63.00req/s] [内存消耗：1,662.69kb] [文件加载：43]
[ info ] [ LANG ] /usr/local/apache/htdocs/tp5/thinkphp/lang/zh-cn.php
[ info ] [ BIND ] 'api'
[ info ] [ ROUTE ] array (
  'type' => 'method',
  'method' => 
  array (
    0 => '\\think\\captcha\\CaptchaController',
    1 => 'index',
  ),
  'var' => 
  array (
  ),
)
[ info ] [ HEADER ] array (
  'host' => '120.77.146.195',
  'connection' => 'keep-alive',
  'user-agent' => 'Mozilla/5.0 (Windows NT 10.0; Win64; x64) AppleWebKit/537.36 (KHTML, like Gecko) Chrome/89.0.4389.90 Safari/537.36',
  'accept' => 'image/avif,image/webp,image/apng,image/svg+xml,image/*,*/*;q=0.8',
  'referer' => 'http://120.77.146.195/api/login.html',
  'accept-encoding' => 'gzip, deflate',
  'accept-language' => 'zh-CN,zh;q=0.9',
  'cookie' => 'PHPSESSID=t4djab3mcln4s4ncdkj91v6fj4',
)
[ info ] [ PARAM ] array (
  '/captcha_html' => '',
  'id' => NULL,
)
[ info ] [ RUN ] think\captcha\CaptchaController->index[ /usr/local/apache/htdocs/tp5/vendor/topthink/think-captcha/src/CaptchaController.php ]
[ info ] [ LOG ] INIT File
[ error ] [0]致命错误: Call to undefined function think\captcha\imagettftext()[/usr/local/apache/htdocs/tp5/vendor/topthink/think-captcha/src/Captcha.php:191]

---------------------------------------------------------------
[ 2021-04-03T20:30:11+08:00 ] 172.22.7.183 125.64.94.215 GET /data.url
[ log ] 120.77.146.195/data.url [运行时间：0.017735s][吞吐率：56.39req/s] [内存消耗：1,532.04kb] [文件加载：43]
[ info ] [ LANG ] /usr/local/apache/htdocs/tp5/thinkphp/lang/zh-cn.php
[ info ] [ BIND ] 'api'
[ info ] [ ROUTE ] array (
  'type' => 'module',
  'module' => 
  array (
    0 => 'api',
    1 => 'data.url',
    2 => NULL,
  ),
)
[ info ] [ HEADER ] array (
  'host' => '120.77.146.195',
  'user-agent' => 'Mozilla/5.0 (X11; Linux x86_64) AppleWebKit/537.36 (KHTML, like Gecko) Chrome/86.0.4 240.111 Safari/537.36',
  'accept-encoding' => 'gzip',
)
[ info ] [ PARAM ] array (
  '/data_url' => '',
)
[ info ] [ LOG ] INIT File

---------------------------------------------------------------
[ 2021-04-03T20:30:12+08:00 ] 172.22.7.183 125.64.94.215 GET /.well-known/security.txt
[ log ] 120.77.146.195/.well-known/security.txt [运行时间：0.017965s][吞吐率：55.66req/s] [内存消耗：1,532.11kb] [文件加载：43]
[ info ] [ LANG ] /usr/local/apache/htdocs/tp5/thinkphp/lang/zh-cn.php
[ info ] [ BIND ] 'api'
[ info ] [ ROUTE ] array (
  'type' => 'module',
  'module' => 
  array (
    0 => 'api',
    1 => '.well-known',
    2 => 'security.txt',
  ),
)
[ info ] [ HEADER ] array (
  'host' => '120.77.146.195',
  'user-agent' => 'Mozilla/5.0 (X11; Linux x86_64) AppleWebKit/537.36 (KHTML, like Gecko) Chrome/86.0.4 240.111 Safari/537.36',
  'accept-encoding' => 'gzip',
)
[ info ] [ PARAM ] array (
  '/_well-known/security_txt' => '',
)
[ info ] [ LOG ] INIT File

---------------------------------------------------------------
[ 2021-04-03T20:30:46+08:00 ] 172.22.7.183 171.109.233.111 GET /
[ log ] 120.77.146.195/ [运行时间：0.020615s][吞吐率：48.51req/s] [内存消耗：1,950.08kb] [文件加载：51]
[ info ] [ LANG ] /usr/local/apache/htdocs/tp5/thinkphp/lang/zh-cn.php
[ info ] [ BIND ] 'api'
[ info ] [ ROUTE ] array (
  'type' => 'module',
  'module' => 
  array (
    0 => 'api',
    1 => NULL,
    2 => NULL,
  ),
)
[ info ] [ HEADER ] array (
  'host' => '120.77.146.195',
  'user-agent' => 'Mozilla/5.0 (Windows NT 10.0; Win64; x64; rv:87.0) Gecko/20100101 Firefox/87.0',
  'accept' => 'text/html,application/xhtml+xml,application/xml;q=0.9,image/webp,*/*;q=0.8',
  'accept-language' => 'zh-CN,zh;q=0.8,zh-TW;q=0.7,zh-HK;q=0.5,en-US;q=0.3,en;q=0.2',
  'accept-encoding' => 'gzip, deflate',
  'connection' => 'keep-alive',
  'cookie' => 'PHPSESSID=ssp739e7vt72etsp11mkokltc5',
  'upgrade-insecure-requests' => '1',
  'cache-control' => 'max-age=0',
)
[ info ] [ PARAM ] array (
)
[ info ] [ RUN ] app\api\controller\Api->login[ /usr/local/apache/htdocs/tp5/application/api/controller/Api.php ]
[ info ] [ SESSION ] INIT array (
  'id' => '',
  'var_session_id' => '',
  'prefix' => 'think',
  'type' => '',
  'auto_start' => true,
)
[ info ] [ VIEW ] /usr/local/apache/htdocs/tp5/public/../application/api/view/api/login.html [ array (
) ]
[ info ] [ LOG ] INIT File

---------------------------------------------------------------
[ 2021-04-03T20:30:46+08:00 ] 172.22.7.183 171.109.233.111 GET /captcha.html
[ log ] 120.77.146.195/captcha.html [运行时间：0.021809s][吞吐率：45.85req/s] [内存消耗：1,662.50kb] [文件加载：43]
[ info ] [ LANG ] /usr/local/apache/htdocs/tp5/thinkphp/lang/zh-cn.php
[ info ] [ BIND ] 'api'
[ info ] [ ROUTE ] array (
  'type' => 'method',
  'method' => 
  array (
    0 => '\\think\\captcha\\CaptchaController',
    1 => 'index',
  ),
  'var' => 
  array (
  ),
)
[ info ] [ HEADER ] array (
  'host' => '120.77.146.195',
  'user-agent' => 'Mozilla/5.0 (Windows NT 10.0; Win64; x64; rv:87.0) Gecko/20100101 Firefox/87.0',
  'accept' => 'image/webp,*/*',
  'accept-language' => 'zh-CN,zh;q=0.8,zh-TW;q=0.7,zh-HK;q=0.5,en-US;q=0.3,en;q=0.2',
  'accept-encoding' => 'gzip, deflate',
  'connection' => 'keep-alive',
  'referer' => 'http://120.77.146.195/',
  'cookie' => 'PHPSESSID=ssp739e7vt72etsp11mkokltc5',
)
[ info ] [ PARAM ] array (
  '/captcha_html' => '',
  'id' => NULL,
)
[ info ] [ RUN ] think\captcha\CaptchaController->index[ /usr/local/apache/htdocs/tp5/vendor/topthink/think-captcha/src/CaptchaController.php ]
[ info ] [ LOG ] INIT File
[ error ] [0]致命错误: Call to undefined function think\captcha\imagettftext()[/usr/local/apache/htdocs/tp5/vendor/topthink/think-captcha/src/Captcha.php:191]

---------------------------------------------------------------
[ 2021-04-03T20:37:25+08:00 ] 172.22.7.183 171.109.233.111 GET /api/login.html
[ log ] 120.77.146.195/api/login.html [运行时间：0.019461s][吞吐率：51.39req/s] [内存消耗：1,953.68kb] [文件加载：51]
[ info ] [ LANG ] /usr/local/apache/htdocs/tp5/thinkphp/lang/zh-cn.php
[ info ] [ BIND ] 'api'
[ info ] [ ROUTE ] array (
  'type' => 'module',
  'module' => 
  array (
    0 => 'api',
    1 => 'api',
    2 => 'login',
  ),
)
[ info ] [ HEADER ] array (
  'host' => '120.77.146.195',
  'connection' => 'keep-alive',
  'cache-control' => 'max-age=0',
  'upgrade-insecure-requests' => '1',
  'user-agent' => 'Mozilla/5.0 (Windows NT 10.0; Win64; x64) AppleWebKit/537.36 (KHTML, like Gecko) Chrome/89.0.4389.90 Safari/537.36',
  'accept' => 'text/html,application/xhtml+xml,application/xml;q=0.9,image/avif,image/webp,image/apng,*/*;q=0.8,application/signed-exchange;v=b3;q=0.9',
  'referer' => 'http://120.77.146.195/index/index.html',
  'accept-encoding' => 'gzip, deflate',
  'accept-language' => 'zh-CN,zh;q=0.9',
  'cookie' => 'PHPSESSID=t4djab3mcln4s4ncdkj91v6fj4',
)
[ info ] [ PARAM ] array (
  '/api/login_html' => '',
)
[ info ] [ RUN ] app\api\controller\Api->login[ /usr/local/apache/htdocs/tp5/application/api/controller/Api.php ]
[ info ] [ SESSION ] INIT array (
  'id' => '',
  'var_session_id' => '',
  'prefix' => 'think',
  'type' => '',
  'auto_start' => true,
)
[ info ] [ VIEW ] /usr/local/apache/htdocs/tp5/public/../application/api/view/api/login.html [ array (
) ]
[ info ] [ LOG ] INIT File

---------------------------------------------------------------
[ 2021-04-03T20:37:25+08:00 ] 172.22.7.183 171.109.233.111 GET /captcha.html
[ log ] 120.77.146.195/captcha.html [运行时间：0.016012s][吞吐率：62.45req/s] [内存消耗：1,662.69kb] [文件加载：43]
[ info ] [ LANG ] /usr/local/apache/htdocs/tp5/thinkphp/lang/zh-cn.php
[ info ] [ BIND ] 'api'
[ info ] [ ROUTE ] array (
  'type' => 'method',
  'method' => 
  array (
    0 => '\\think\\captcha\\CaptchaController',
    1 => 'index',
  ),
  'var' => 
  array (
  ),
)
[ info ] [ HEADER ] array (
  'host' => '120.77.146.195',
  'connection' => 'keep-alive',
  'user-agent' => 'Mozilla/5.0 (Windows NT 10.0; Win64; x64) AppleWebKit/537.36 (KHTML, like Gecko) Chrome/89.0.4389.90 Safari/537.36',
  'accept' => 'image/avif,image/webp,image/apng,image/svg+xml,image/*,*/*;q=0.8',
  'referer' => 'http://120.77.146.195/api/login.html',
  'accept-encoding' => 'gzip, deflate',
  'accept-language' => 'zh-CN,zh;q=0.9',
  'cookie' => 'PHPSESSID=t4djab3mcln4s4ncdkj91v6fj4',
)
[ info ] [ PARAM ] array (
  '/captcha_html' => '',
  'id' => NULL,
)
[ info ] [ RUN ] think\captcha\CaptchaController->index[ /usr/local/apache/htdocs/tp5/vendor/topthink/think-captcha/src/CaptchaController.php ]
[ info ] [ LOG ] INIT File
[ error ] [0]致命错误: Call to undefined function think\captcha\imagettftext()[/usr/local/apache/htdocs/tp5/vendor/topthink/think-captcha/src/Captcha.php:191]

---------------------------------------------------------------
[ 2021-04-03T20:50:09+08:00 ] 172.22.7.183 171.109.233.111 GET /
[ log ] 120.77.146.195/ [运行时间：0.022724s][吞吐率：44.01req/s] [内存消耗：1,950.08kb] [文件加载：51]
[ info ] [ LANG ] /usr/local/apache/htdocs/tp5/thinkphp/lang/zh-cn.php
[ info ] [ BIND ] 'api'
[ info ] [ ROUTE ] array (
  'type' => 'module',
  'module' => 
  array (
    0 => 'api',
    1 => NULL,
    2 => NULL,
  ),
)
[ info ] [ HEADER ] array (
  'host' => '120.77.146.195',
  'user-agent' => 'Mozilla/5.0 (Windows NT 10.0; Win64; x64; rv:87.0) Gecko/20100101 Firefox/87.0',
  'accept' => 'text/html,application/xhtml+xml,application/xml;q=0.9,image/webp,*/*;q=0.8',
  'accept-language' => 'zh-CN,zh;q=0.8,zh-TW;q=0.7,zh-HK;q=0.5,en-US;q=0.3,en;q=0.2',
  'accept-encoding' => 'gzip, deflate',
  'connection' => 'keep-alive',
  'cookie' => 'PHPSESSID=ssp739e7vt72etsp11mkokltc5',
  'upgrade-insecure-requests' => '1',
  'cache-control' => 'max-age=0',
)
[ info ] [ PARAM ] array (
)
[ info ] [ RUN ] app\api\controller\Api->login[ /usr/local/apache/htdocs/tp5/application/api/controller/Api.php ]
[ info ] [ SESSION ] INIT array (
  'id' => '',
  'var_session_id' => '',
  'prefix' => 'think',
  'type' => '',
  'auto_start' => true,
)
[ info ] [ VIEW ] /usr/local/apache/htdocs/tp5/public/../application/api/view/api/login.html [ array (
) ]
[ info ] [ LOG ] INIT File

---------------------------------------------------------------
[ 2021-04-03T20:50:09+08:00 ] 172.22.7.183 171.109.233.111 GET /captcha.html
[ log ] 120.77.146.195/captcha.html [运行时间：0.019326s][吞吐率：51.74req/s] [内存消耗：1,662.89kb] [文件加载：43]
[ info ] [ LANG ] /usr/local/apache/htdocs/tp5/thinkphp/lang/zh-cn.php
[ info ] [ BIND ] 'api'
[ info ] [ ROUTE ] array (
  'type' => 'method',
  'method' => 
  array (
    0 => '\\think\\captcha\\CaptchaController',
    1 => 'index',
  ),
  'var' => 
  array (
  ),
)
[ info ] [ HEADER ] array (
  'host' => '120.77.146.195',
  'user-agent' => 'Mozilla/5.0 (Windows NT 10.0; Win64; x64; rv:87.0) Gecko/20100101 Firefox/87.0',
  'accept' => 'image/webp,*/*',
  'accept-language' => 'zh-CN,zh;q=0.8,zh-TW;q=0.7,zh-HK;q=0.5,en-US;q=0.3,en;q=0.2',
  'accept-encoding' => 'gzip, deflate',
  'connection' => 'keep-alive',
  'referer' => 'http://120.77.146.195/',
  'cookie' => 'PHPSESSID=ssp739e7vt72etsp11mkokltc5',
  'cache-control' => 'max-age=0',
)
[ info ] [ PARAM ] array (
  '/captcha_html' => '',
  'id' => NULL,
)
[ info ] [ RUN ] think\captcha\CaptchaController->index[ /usr/local/apache/htdocs/tp5/vendor/topthink/think-captcha/src/CaptchaController.php ]
[ info ] [ LOG ] INIT File
[ error ] [0]致命错误: Call to undefined function think\captcha\imagettftext()[/usr/local/apache/htdocs/tp5/vendor/topthink/think-captcha/src/Captcha.php:191]

---------------------------------------------------------------
[ 2021-04-03T20:50:16+08:00 ] 172.22.7.183 171.109.233.111 GET /api/login.html
[ log ] 120.77.146.195/api/login.html [运行时间：0.018104s][吞吐率：55.24req/s] [内存消耗：1,953.68kb] [文件加载：51]
[ info ] [ LANG ] /usr/local/apache/htdocs/tp5/thinkphp/lang/zh-cn.php
[ info ] [ BIND ] 'api'
[ info ] [ ROUTE ] array (
  'type' => 'module',
  'module' => 
  array (
    0 => 'api',
    1 => 'api',
    2 => 'login',
  ),
)
[ info ] [ HEADER ] array (
  'host' => '120.77.146.195',
  'connection' => 'keep-alive',
  'cache-control' => 'max-age=0',
  'upgrade-insecure-requests' => '1',
  'user-agent' => 'Mozilla/5.0 (Windows NT 10.0; Win64; x64) AppleWebKit/537.36 (KHTML, like Gecko) Chrome/89.0.4389.90 Safari/537.36',
  'accept' => 'text/html,application/xhtml+xml,application/xml;q=0.9,image/avif,image/webp,image/apng,*/*;q=0.8,application/signed-exchange;v=b3;q=0.9',
  'referer' => 'http://120.77.146.195/index/index.html',
  'accept-encoding' => 'gzip, deflate',
  'accept-language' => 'zh-CN,zh;q=0.9',
  'cookie' => 'PHPSESSID=t4djab3mcln4s4ncdkj91v6fj4',
)
[ info ] [ PARAM ] array (
  '/api/login_html' => '',
)
[ info ] [ RUN ] app\api\controller\Api->login[ /usr/local/apache/htdocs/tp5/application/api/controller/Api.php ]
[ info ] [ SESSION ] INIT array (
  'id' => '',
  'var_session_id' => '',
  'prefix' => 'think',
  'type' => '',
  'auto_start' => true,
)
[ info ] [ VIEW ] /usr/local/apache/htdocs/tp5/public/../application/api/view/api/login.html [ array (
) ]
[ info ] [ LOG ] INIT File

---------------------------------------------------------------
[ 2021-04-03T20:50:16+08:00 ] 172.22.7.183 171.109.233.111 GET /captcha.html
[ log ] 120.77.146.195/captcha.html [运行时间：0.021217s][吞吐率：47.13req/s] [内存消耗：1,662.69kb] [文件加载：43]
[ info ] [ LANG ] /usr/local/apache/htdocs/tp5/thinkphp/lang/zh-cn.php
[ info ] [ BIND ] 'api'
[ info ] [ ROUTE ] array (
  'type' => 'method',
  'method' => 
  array (
    0 => '\\think\\captcha\\CaptchaController',
    1 => 'index',
  ),
  'var' => 
  array (
  ),
)
[ info ] [ HEADER ] array (
  'host' => '120.77.146.195',
  'connection' => 'keep-alive',
  'user-agent' => 'Mozilla/5.0 (Windows NT 10.0; Win64; x64) AppleWebKit/537.36 (KHTML, like Gecko) Chrome/89.0.4389.90 Safari/537.36',
  'accept' => 'image/avif,image/webp,image/apng,image/svg+xml,image/*,*/*;q=0.8',
  'referer' => 'http://120.77.146.195/api/login.html',
  'accept-encoding' => 'gzip, deflate',
  'accept-language' => 'zh-CN,zh;q=0.9',
  'cookie' => 'PHPSESSID=t4djab3mcln4s4ncdkj91v6fj4',
)
[ info ] [ PARAM ] array (
  '/captcha_html' => '',
  'id' => NULL,
)
[ info ] [ RUN ] think\captcha\CaptchaController->index[ /usr/local/apache/htdocs/tp5/vendor/topthink/think-captcha/src/CaptchaController.php ]
[ info ] [ LOG ] INIT File
[ error ] [0]致命错误: Call to undefined function think\captcha\imagettftext()[/usr/local/apache/htdocs/tp5/vendor/topthink/think-captcha/src/Captcha.php:191]

---------------------------------------------------------------
[ 2021-04-03T20:54:38+08:00 ] 172.22.7.183 54.36.162.160 GET /
[ log ] cymc.online/ [运行时间：0.019279s][吞吐率：51.87req/s] [内存消耗：1,948.94kb] [文件加载：51]
[ info ] [ LANG ] /usr/local/apache/htdocs/tp5/thinkphp/lang/zh-cn.php
[ info ] [ BIND ] 'api'
[ info ] [ ROUTE ] array (
  'type' => 'module',
  'module' => 
  array (
    0 => 'api',
    1 => NULL,
    2 => NULL,
  ),
)
[ info ] [ HEADER ] array (
  'host' => 'cymc.online',
  'user-agent' => 'Mozilla/5.0 (Windows NT 10.0; Win64; x64) AppleWebKit/537.36 (KHTML, like Gecko) Chrome/63.0.3239.132 Safari/537.36',
  'connection' => 'Keep-Alive',
)
[ info ] [ PARAM ] array (
)
[ info ] [ RUN ] app\api\controller\Api->login[ /usr/local/apache/htdocs/tp5/application/api/controller/Api.php ]
[ info ] [ SESSION ] INIT array (
  'id' => '',
  'var_session_id' => '',
  'prefix' => 'think',
  'type' => '',
  'auto_start' => true,
)
[ info ] [ VIEW ] /usr/local/apache/htdocs/tp5/public/../application/api/view/api/login.html [ array (
) ]
[ info ] [ LOG ] INIT File

---------------------------------------------------------------
[ 2021-04-03T21:02:45+08:00 ] 172.22.7.183 171.109.233.111 GET /
[ log ] 120.77.146.195/ [运行时间：0.020557s][吞吐率：48.65req/s] [内存消耗：1,949.69kb] [文件加载：51]
[ info ] [ LANG ] /usr/local/apache/htdocs/tp5/thinkphp/lang/zh-cn.php
[ info ] [ BIND ] 'api'
[ info ] [ ROUTE ] array (
  'type' => 'module',
  'module' => 
  array (
    0 => 'api',
    1 => NULL,
    2 => NULL,
  ),
)
[ info ] [ HEADER ] array (
  'host' => '120.77.146.195',
  'user-agent' => 'Mozilla/5.0 (Windows NT 10.0; Win64; x64; rv:87.0) Gecko/20100101 Firefox/87.0',
  'accept' => 'text/html,application/xhtml+xml,application/xml;q=0.9,image/webp,*/*;q=0.8',
  'accept-language' => 'zh-CN,zh;q=0.8,zh-TW;q=0.7,zh-HK;q=0.5,en-US;q=0.3,en;q=0.2',
  'accept-encoding' => 'gzip, deflate',
  'connection' => 'keep-alive',
  'cookie' => 'PHPSESSID=ssp739e7vt72etsp11mkokltc5',
  'upgrade-insecure-requests' => '1',
)
[ info ] [ PARAM ] array (
)
[ info ] [ RUN ] app\api\controller\Api->login[ /usr/local/apache/htdocs/tp5/application/api/controller/Api.php ]
[ info ] [ SESSION ] INIT array (
  'id' => '',
  'var_session_id' => '',
  'prefix' => 'think',
  'type' => '',
  'auto_start' => true,
)
[ info ] [ VIEW ] /usr/local/apache/htdocs/tp5/public/../application/api/view/api/login.html [ array (
) ]
[ info ] [ LOG ] INIT File

---------------------------------------------------------------
[ 2021-04-03T21:02:46+08:00 ] 172.22.7.183 171.109.233.111 GET /captcha.html
[ log ] 120.77.146.195/captcha.html [运行时间：0.020723s][吞吐率：48.26req/s] [内存消耗：1,562.45kb] [文件加载：40]
[ info ] [ LANG ] /usr/local/apache/htdocs/tp5/thinkphp/lang/zh-cn.php
[ info ] [ BIND ] 'api'
[ info ] [ ROUTE ] array (
  'type' => 'method',
  'method' => 
  array (
    0 => '\\think\\captcha\\CaptchaController',
    1 => 'index',
  ),
  'var' => 
  array (
  ),
)
[ info ] [ HEADER ] array (
  'host' => '120.77.146.195',
  'user-agent' => 'Mozilla/5.0 (Windows NT 10.0; Win64; x64; rv:87.0) Gecko/20100101 Firefox/87.0',
  'accept' => 'image/webp,*/*',
  'accept-language' => 'zh-CN,zh;q=0.8,zh-TW;q=0.7,zh-HK;q=0.5,en-US;q=0.3,en;q=0.2',
  'accept-encoding' => 'gzip, deflate',
  'connection' => 'keep-alive',
  'referer' => 'http://120.77.146.195/',
  'cookie' => 'PHPSESSID=ssp739e7vt72etsp11mkokltc5',
)
[ info ] [ PARAM ] array (
  '/captcha_html' => '',
  'id' => NULL,
)
[ info ] [ RUN ] think\captcha\CaptchaController->index[ /usr/local/apache/htdocs/tp5/vendor/topthink/think-captcha/src/CaptchaController.php ]
[ info ] [ SESSION ] INIT array (
  'id' => '',
  'var_session_id' => '',
  'prefix' => 'think',
  'type' => '',
  'auto_start' => true,
)
[ info ] [ LOG ] INIT File

---------------------------------------------------------------
[ 2021-04-03T21:02:53+08:00 ] 172.22.7.183 171.109.233.111 GET /captcha.html?0.6269434260115773
[ log ] 120.77.146.195/captcha.html?0.6269434260115773 [运行时间：0.017402s][吞吐率：57.46req/s] [内存消耗：1,562.66kb] [文件加载：40]
[ info ] [ LANG ] /usr/local/apache/htdocs/tp5/thinkphp/lang/zh-cn.php
[ info ] [ BIND ] 'api'
[ info ] [ ROUTE ] array (
  'type' => 'method',
  'method' => 
  array (
    0 => '\\think\\captcha\\CaptchaController',
    1 => 'index',
  ),
  'var' => 
  array (
  ),
)
[ info ] [ HEADER ] array (
  'host' => '120.77.146.195',
  'user-agent' => 'Mozilla/5.0 (Windows NT 10.0; Win64; x64; rv:87.0) Gecko/20100101 Firefox/87.0',
  'accept' => 'image/webp,*/*',
  'accept-language' => 'zh-CN,zh;q=0.8,zh-TW;q=0.7,zh-HK;q=0.5,en-US;q=0.3,en;q=0.2',
  'accept-encoding' => 'gzip, deflate',
  'connection' => 'keep-alive',
  'referer' => 'http://120.77.146.195/',
  'cookie' => 'PHPSESSID=ssp739e7vt72etsp11mkokltc5',
)
[ info ] [ PARAM ] array (
  '/captcha_html' => '',
  '0_6269434260115773' => '',
  'id' => NULL,
)
[ info ] [ RUN ] think\captcha\CaptchaController->index[ /usr/local/apache/htdocs/tp5/vendor/topthink/think-captcha/src/CaptchaController.php ]
[ info ] [ SESSION ] INIT array (
  'id' => '',
  'var_session_id' => '',
  'prefix' => 'think',
  'type' => '',
  'auto_start' => true,
)
[ info ] [ LOG ] INIT File

---------------------------------------------------------------
[ 2021-04-03T21:02:58+08:00 ] 172.22.7.183 171.109.233.111 GET /
[ log ] 120.77.146.195/ [运行时间：0.019946s][吞吐率：50.14req/s] [内存消耗：1,951.12kb] [文件加载：51]
[ info ] [ LANG ] /usr/local/apache/htdocs/tp5/thinkphp/lang/zh-cn.php
[ info ] [ BIND ] 'api'
[ info ] [ ROUTE ] array (
  'type' => 'module',
  'module' => 
  array (
    0 => 'api',
    1 => NULL,
    2 => NULL,
  ),
)
[ info ] [ HEADER ] array (
  'host' => '120.77.146.195',
  'user-agent' => 'Mozilla/5.0 (Windows NT 10.0; Win64; x64; rv:87.0) Gecko/20100101 Firefox/87.0',
  'accept' => 'text/html,application/xhtml+xml,application/xml;q=0.9,image/webp,*/*;q=0.8',
  'accept-language' => 'zh-CN,zh;q=0.8,zh-TW;q=0.7,zh-HK;q=0.5,en-US;q=0.3,en;q=0.2',
  'accept-encoding' => 'gzip, deflate',
  'connection' => 'keep-alive',
  'cookie' => 'PHPSESSID=ssp739e7vt72etsp11mkokltc5',
  'upgrade-insecure-requests' => '1',
  'cache-control' => 'max-age=0',
)
[ info ] [ PARAM ] array (
)
[ info ] [ RUN ] app\api\controller\Api->login[ /usr/local/apache/htdocs/tp5/application/api/controller/Api.php ]
[ info ] [ SESSION ] INIT array (
  'id' => '',
  'var_session_id' => '',
  'prefix' => 'think',
  'type' => '',
  'auto_start' => true,
)
[ info ] [ VIEW ] /usr/local/apache/htdocs/tp5/public/../application/api/view/api/login.html [ array (
) ]
[ info ] [ LOG ] INIT File

---------------------------------------------------------------
[ 2021-04-03T21:02:58+08:00 ] 172.22.7.183 171.109.233.111 GET /captcha.html
[ log ] 120.77.146.195/captcha.html [运行时间：0.022495s][吞吐率：44.45req/s] [内存消耗：1,562.99kb] [文件加载：40]
[ info ] [ LANG ] /usr/local/apache/htdocs/tp5/thinkphp/lang/zh-cn.php
[ info ] [ BIND ] 'api'
[ info ] [ ROUTE ] array (
  'type' => 'method',
  'method' => 
  array (
    0 => '\\think\\captcha\\CaptchaController',
    1 => 'index',
  ),
  'var' => 
  array (
  ),
)
[ info ] [ HEADER ] array (
  'host' => '120.77.146.195',
  'user-agent' => 'Mozilla/5.0 (Windows NT 10.0; Win64; x64; rv:87.0) Gecko/20100101 Firefox/87.0',
  'accept' => 'image/webp,*/*',
  'accept-language' => 'zh-CN,zh;q=0.8,zh-TW;q=0.7,zh-HK;q=0.5,en-US;q=0.3,en;q=0.2',
  'accept-encoding' => 'gzip, deflate',
  'connection' => 'keep-alive',
  'referer' => 'http://120.77.146.195/',
  'cookie' => 'PHPSESSID=ssp739e7vt72etsp11mkokltc5',
  'cache-control' => 'max-age=0',
)
[ info ] [ PARAM ] array (
  '/captcha_html' => '',
  'id' => NULL,
)
[ info ] [ RUN ] think\captcha\CaptchaController->index[ /usr/local/apache/htdocs/tp5/vendor/topthink/think-captcha/src/CaptchaController.php ]
[ info ] [ SESSION ] INIT array (
  'id' => '',
  'var_session_id' => '',
  'prefix' => 'think',
  'type' => '',
  'auto_start' => true,
)
[ info ] [ LOG ] INIT File

---------------------------------------------------------------
[ 2021-04-03T21:03:30+08:00 ] 172.22.7.183 171.109.233.111 GET /phpinfo.php
[ log ] 120.77.146.195/phpinfo.php [运行时间：0.016526s][吞吐率：60.51req/s] [内存消耗：1,534.59kb] [文件加载：43]
[ info ] [ LANG ] /usr/local/apache/htdocs/tp5/thinkphp/lang/zh-cn.php
[ info ] [ BIND ] 'api'
[ info ] [ ROUTE ] array (
  'type' => 'module',
  'module' => 
  array (
    0 => 'api',
    1 => 'phpinfo.php',
    2 => NULL,
  ),
)
[ info ] [ HEADER ] array (
  'host' => '120.77.146.195',
  'user-agent' => 'Mozilla/5.0 (Windows NT 10.0; Win64; x64; rv:87.0) Gecko/20100101 Firefox/87.0',
  'accept' => 'text/html,application/xhtml+xml,application/xml;q=0.9,image/webp,*/*;q=0.8',
  'accept-language' => 'zh-CN,zh;q=0.8,zh-TW;q=0.7,zh-HK;q=0.5,en-US;q=0.3,en;q=0.2',
  'accept-encoding' => 'gzip, deflate',
  'dnt' => '1',
  'connection' => 'keep-alive',
  'upgrade-insecure-requests' => '1',
  'pragma' => 'no-cache',
  'cache-control' => 'no-cache',
)
[ info ] [ PARAM ] array (
  '/phpinfo_php' => '',
)
[ info ] [ LOG ] INIT File

---------------------------------------------------------------
[ 2021-04-03T21:03:32+08:00 ] 172.22.7.183 171.109.233.111 GET /api/login.html
[ log ] 120.77.146.195/api/login.html [运行时间：0.023267s][吞吐率：42.98req/s] [内存消耗：1,953.68kb] [文件加载：51]
[ info ] [ LANG ] /usr/local/apache/htdocs/tp5/thinkphp/lang/zh-cn.php
[ info ] [ BIND ] 'api'
[ info ] [ ROUTE ] array (
  'type' => 'module',
  'module' => 
  array (
    0 => 'api',
    1 => 'api',
    2 => 'login',
  ),
)
[ info ] [ HEADER ] array (
  'host' => '120.77.146.195',
  'connection' => 'keep-alive',
  'cache-control' => 'max-age=0',
  'upgrade-insecure-requests' => '1',
  'user-agent' => 'Mozilla/5.0 (Windows NT 10.0; Win64; x64) AppleWebKit/537.36 (KHTML, like Gecko) Chrome/89.0.4389.90 Safari/537.36',
  'accept' => 'text/html,application/xhtml+xml,application/xml;q=0.9,image/avif,image/webp,image/apng,*/*;q=0.8,application/signed-exchange;v=b3;q=0.9',
  'referer' => 'http://120.77.146.195/index/index.html',
  'accept-encoding' => 'gzip, deflate',
  'accept-language' => 'zh-CN,zh;q=0.9',
  'cookie' => 'PHPSESSID=t4djab3mcln4s4ncdkj91v6fj4',
)
[ info ] [ PARAM ] array (
  '/api/login_html' => '',
)
[ info ] [ RUN ] app\api\controller\Api->login[ /usr/local/apache/htdocs/tp5/application/api/controller/Api.php ]
[ info ] [ SESSION ] INIT array (
  'id' => '',
  'var_session_id' => '',
  'prefix' => 'think',
  'type' => '',
  'auto_start' => true,
)
[ info ] [ VIEW ] /usr/local/apache/htdocs/tp5/public/../application/api/view/api/login.html [ array (
) ]
[ info ] [ LOG ] INIT File

---------------------------------------------------------------
[ 2021-04-03T21:03:32+08:00 ] 172.22.7.183 171.109.233.111 GET /captcha.html
[ log ] 120.77.146.195/captcha.html [运行时间：0.022643s][吞吐率：44.16req/s] [内存消耗：1,562.63kb] [文件加载：40]
[ info ] [ LANG ] /usr/local/apache/htdocs/tp5/thinkphp/lang/zh-cn.php
[ info ] [ BIND ] 'api'
[ info ] [ ROUTE ] array (
  'type' => 'method',
  'method' => 
  array (
    0 => '\\think\\captcha\\CaptchaController',
    1 => 'index',
  ),
  'var' => 
  array (
  ),
)
[ info ] [ HEADER ] array (
  'host' => '120.77.146.195',
  'connection' => 'keep-alive',
  'user-agent' => 'Mozilla/5.0 (Windows NT 10.0; Win64; x64) AppleWebKit/537.36 (KHTML, like Gecko) Chrome/89.0.4389.90 Safari/537.36',
  'accept' => 'image/avif,image/webp,image/apng,image/svg+xml,image/*,*/*;q=0.8',
  'referer' => 'http://120.77.146.195/api/login.html',
  'accept-encoding' => 'gzip, deflate',
  'accept-language' => 'zh-CN,zh;q=0.9',
  'cookie' => 'PHPSESSID=t4djab3mcln4s4ncdkj91v6fj4',
)
[ info ] [ PARAM ] array (
  '/captcha_html' => '',
  'id' => NULL,
)
[ info ] [ RUN ] think\captcha\CaptchaController->index[ /usr/local/apache/htdocs/tp5/vendor/topthink/think-captcha/src/CaptchaController.php ]
[ info ] [ SESSION ] INIT array (
  'id' => '',
  'var_session_id' => '',
  'prefix' => 'think',
  'type' => '',
  'auto_start' => true,
)
[ info ] [ LOG ] INIT File

---------------------------------------------------------------
[ 2021-04-03T21:03:49+08:00 ] 172.22.7.183 171.109.233.111 POST /api/login.html
[ log ] 120.77.146.195/api/login.html [运行时间：0.257240s][吞吐率：3.89req/s] [内存消耗：2,832.59kb] [文件加载：59]
[ info ] [ LANG ] /usr/local/apache/htdocs/tp5/thinkphp/lang/zh-cn.php
[ info ] [ BIND ] 'api'
[ info ] [ ROUTE ] array (
  'type' => 'module',
  'module' => 
  array (
    0 => 'api',
    1 => 'api',
    2 => 'login',
  ),
)
[ info ] [ HEADER ] array (
  'host' => '120.77.146.195',
  'user-agent' => 'Mozilla/5.0 (Windows NT 10.0; Win64; x64; rv:87.0) Gecko/20100101 Firefox/87.0',
  'accept' => 'application/json, text/javascript, */*; q=0.01',
  'accept-language' => 'zh-CN,zh;q=0.8,zh-TW;q=0.7,zh-HK;q=0.5,en-US;q=0.3,en;q=0.2',
  'accept-encoding' => 'gzip, deflate',
  'content-type' => 'application/x-www-form-urlencoded; charset=UTF-8',
  'x-requested-with' => 'XMLHttpRequest',
  'content-length' => '39',
  'origin' => 'http://120.77.146.195',
  'connection' => 'keep-alive',
  'referer' => 'http://120.77.146.195/',
  'cookie' => 'PHPSESSID=ssp739e7vt72etsp11mkokltc5',
)
[ info ] [ PARAM ] array (
  '/api/login_html' => '',
  'username' => 'cym',
  'password' => '123456',
  'vcode' => 'ppvx',
)
[ info ] [ RUN ] app\api\controller\Api->login[ /usr/local/apache/htdocs/tp5/application/api/controller/Api.php ]
[ info ] [ SESSION ] INIT array (
  'id' => '',
  'var_session_id' => '',
  'prefix' => 'think',
  'type' => '',
  'auto_start' => true,
)
[ info ] [ DB ] INIT mysql
[ info ] [ LOG ] INIT File
[ sql ] [ DB ] CONNECT:[ UseTime:0.114813s ] mysql:dbname=vpan;host=127.0.0.1;port=3306;charset=utf8
[ sql ] [ SQL ] SHOW COLUMNS FROM `wp_userinfo` [ RunTime:0.006285s ]
[ sql ] [ SQL ] SELECT * FROM `wp_userinfo` WHERE  `username` = 'cym'  AND `upwd` = 'e10adc3949ba59abbe56e057f20f883e' LIMIT 1 [ RunTime:0.096223s ]

---------------------------------------------------------------
[ 2021-04-03T21:03:51+08:00 ] 172.22.7.183 171.109.233.111 GET /index/index.html
[ log ] 120.77.146.195/index/index.html [运行时间：0.034877s][吞吐率：28.67req/s] [内存消耗：2,106.05kb] [文件加载：51]
[ info ] [ LANG ] /usr/local/apache/htdocs/tp5/thinkphp/lang/zh-cn.php
[ info ] [ BIND ] 'api'
[ info ] [ ROUTE ] array (
  'type' => 'module',
  'module' => 
  array (
    0 => 'api',
    1 => 'index',
    2 => 'index',
  ),
)
[ info ] [ HEADER ] array (
  'host' => '120.77.146.195',
  'user-agent' => 'Mozilla/5.0 (Windows NT 10.0; Win64; x64; rv:87.0) Gecko/20100101 Firefox/87.0',
  'accept' => 'text/html,application/xhtml+xml,application/xml;q=0.9,image/webp,*/*;q=0.8',
  'accept-language' => 'zh-CN,zh;q=0.8,zh-TW;q=0.7,zh-HK;q=0.5,en-US;q=0.3,en;q=0.2',
  'accept-encoding' => 'gzip, deflate',
  'connection' => 'keep-alive',
  'referer' => 'http://120.77.146.195/',
  'cookie' => 'PHPSESSID=ssp739e7vt72etsp11mkokltc5',
  'upgrade-insecure-requests' => '1',
)
[ info ] [ PARAM ] array (
  '/index/index_html' => '',
)
[ info ] [ SESSION ] INIT array (
  'id' => '',
  'var_session_id' => '',
  'prefix' => 'think',
  'type' => '',
  'auto_start' => true,
)
[ info ] [ RUN ] app\api\controller\Index->index[ /usr/local/apache/htdocs/tp5/application/api/controller/Index.php ]
[ info ] [ VIEW ] /usr/local/apache/htdocs/tp5/public/../application/api/view/index/index.html [ array (
  0 => 'name',
  1 => 'rand',
) ]
[ info ] [ LOG ] INIT File

---------------------------------------------------------------
[ 2021-04-03T21:04:09+08:00 ] 172.22.7.183 171.109.233.111 GET /index/today.html
[ log ] 120.77.146.195/index/today.html [运行时间：0.120711s][吞吐率：8.28req/s] [内存消耗：2,158.84kb] [文件加载：52]
[ info ] [ LANG ] /usr/local/apache/htdocs/tp5/thinkphp/lang/zh-cn.php
[ info ] [ BIND ] 'api'
[ info ] [ ROUTE ] array (
  'type' => 'module',
  'module' => 
  array (
    0 => 'api',
    1 => 'index',
    2 => 'today',
  ),
)
[ info ] [ HEADER ] array (
  'host' => '120.77.146.195',
  'user-agent' => 'Mozilla/5.0 (Windows NT 10.0; Win64; x64; rv:87.0) Gecko/20100101 Firefox/87.0',
  'accept' => 'text/html,application/xhtml+xml,application/xml;q=0.9,image/webp,*/*;q=0.8',
  'accept-language' => 'zh-CN,zh;q=0.8,zh-TW;q=0.7,zh-HK;q=0.5,en-US;q=0.3,en;q=0.2',
  'accept-encoding' => 'gzip, deflate',
  'connection' => 'keep-alive',
  'referer' => 'http://120.77.146.195/index/index.html',
  'cookie' => 'PHPSESSID=ssp739e7vt72etsp11mkokltc5',
  'upgrade-insecure-requests' => '1',
)
[ info ] [ PARAM ] array (
  '/index/today_html' => '',
)
[ info ] [ SESSION ] INIT array (
  'id' => '',
  'var_session_id' => '',
  'prefix' => 'think',
  'type' => '',
  'auto_start' => true,
)
[ info ] [ RUN ] app\api\controller\Index->today[ /usr/local/apache/htdocs/tp5/application/api/controller/Index.php ]
[ info ] [ VIEW ] /usr/local/apache/htdocs/tp5/public/../application/api/view/index/today.html [ array (
  0 => 'data',
) ]
[ info ] [ LOG ] INIT File

---------------------------------------------------------------
[ 2021-04-03T21:04:15+08:00 ] 172.22.7.183 171.109.233.111 GET /index/getip.html
[ log ] 120.77.146.195/index/getip.html [运行时间：0.015640s][吞吐率：63.94req/s] [内存消耗：1,859.10kb] [文件加载：47]
[ info ] [ LANG ] /usr/local/apache/htdocs/tp5/thinkphp/lang/zh-cn.php
[ info ] [ BIND ] 'api'
[ info ] [ ROUTE ] array (
  'type' => 'module',
  'module' => 
  array (
    0 => 'api',
    1 => 'index',
    2 => 'getip',
  ),
)
[ info ] [ HEADER ] array (
  'host' => '120.77.146.195',
  'user-agent' => 'Mozilla/5.0 (Windows NT 10.0; Win64; x64; rv:87.0) Gecko/20100101 Firefox/87.0',
  'accept' => 'text/html,application/xhtml+xml,application/xml;q=0.9,image/webp,*/*;q=0.8',
  'accept-language' => 'zh-CN,zh;q=0.8,zh-TW;q=0.7,zh-HK;q=0.5,en-US;q=0.3,en;q=0.2',
  'accept-encoding' => 'gzip, deflate',
  'connection' => 'keep-alive',
  'referer' => 'http://120.77.146.195/index/today.html',
  'cookie' => 'PHPSESSID=ssp739e7vt72etsp11mkokltc5',
  'upgrade-insecure-requests' => '1',
)
[ info ] [ PARAM ] array (
  '/index/getip_html' => '',
)
[ info ] [ SESSION ] INIT array (
  'id' => '',
  'var_session_id' => '',
  'prefix' => 'think',
  'type' => '',
  'auto_start' => true,
)
[ info ] [ RUN ] app\api\controller\Index->getip[ /usr/local/apache/htdocs/tp5/application/api/controller/Index.php ]
[ info ] [ LOG ] INIT File

---------------------------------------------------------------
[ 2021-04-03T21:04:24+08:00 ] 172.22.7.183 171.109.233.111 GET /index/today.html
[ log ] 120.77.146.195/index/today.html [运行时间：0.122190s][吞吐率：8.18req/s] [内存消耗：1,980.73kb] [文件加载：50]
[ info ] [ LANG ] /usr/local/apache/htdocs/tp5/thinkphp/lang/zh-cn.php
[ info ] [ BIND ] 'api'
[ info ] [ ROUTE ] array (
  'type' => 'module',
  'module' => 
  array (
    0 => 'api',
    1 => 'index',
    2 => 'today',
  ),
)
[ info ] [ HEADER ] array (
  'host' => '120.77.146.195',
  'user-agent' => 'Mozilla/5.0 (Windows NT 10.0; Win64; x64; rv:87.0) Gecko/20100101 Firefox/87.0',
  'accept' => 'text/html,application/xhtml+xml,application/xml;q=0.9,image/webp,*/*;q=0.8',
  'accept-language' => 'zh-CN,zh;q=0.8,zh-TW;q=0.7,zh-HK;q=0.5,en-US;q=0.3,en;q=0.2',
  'accept-encoding' => 'gzip, deflate',
  'referer' => 'http://120.77.146.195/index/index.html',
  'connection' => 'keep-alive',
  'cookie' => 'PHPSESSID=ssp739e7vt72etsp11mkokltc5',
  'upgrade-insecure-requests' => '1',
)
[ info ] [ PARAM ] array (
  '/index/today_html' => '',
)
[ info ] [ SESSION ] INIT array (
  'id' => '',
  'var_session_id' => '',
  'prefix' => 'think',
  'type' => '',
  'auto_start' => true,
)
[ info ] [ RUN ] app\api\controller\Index->today[ /usr/local/apache/htdocs/tp5/application/api/controller/Index.php ]
[ info ] [ VIEW ] /usr/local/apache/htdocs/tp5/public/../application/api/view/index/today.html [ array (
  0 => 'data',
) ]
[ info ] [ LOG ] INIT File

---------------------------------------------------------------
[ 2021-04-03T21:39:51+08:00 ] 172.22.7.183 101.251.242.238 GET /
[ log ] 120.77.146.195:80/ [运行时间：0.019276s][吞吐率：51.88req/s] [内存消耗：1,949.23kb] [文件加载：51]
[ info ] [ LANG ] /usr/local/apache/htdocs/tp5/thinkphp/lang/zh-cn.php
[ info ] [ BIND ] 'api'
[ info ] [ ROUTE ] array (
  'type' => 'module',
  'module' => 
  array (
    0 => 'api',
    1 => NULL,
    2 => NULL,
  ),
)
[ info ] [ HEADER ] array (
  'host' => '120.77.146.195:80',
  'user-agent' => 'Mozilla/5.0 (Windows NT 10.0; Win64; x64; rv:79.0) Gecko/20100101 Firefox/79.0',
  'accept-language' => 'zh-CN,zh;q=0.8,en-US;q=0.5,en;q=0.3',
  'accept-charset' => 'GBK,utf-8;q=0.7,*;q=0.3',
  'accept' => 'application/json, text/plain, */*',
)
[ info ] [ PARAM ] array (
)
[ info ] [ RUN ] app\api\controller\Api->login[ /usr/local/apache/htdocs/tp5/application/api/controller/Api.php ]
[ info ] [ SESSION ] INIT array (
  'id' => '',
  'var_session_id' => '',
  'prefix' => 'think',
  'type' => '',
  'auto_start' => true,
)
[ info ] [ VIEW ] /usr/local/apache/htdocs/tp5/public/../application/api/view/api/login.html [ array (
) ]
[ info ] [ LOG ] INIT File

---------------------------------------------------------------
[ 2021-04-03T21:48:29+08:00 ] 172.22.7.183 123.160.174.46 GET http://www.rfa.org/
[ log ] www.rfa.orghttp://www.rfa.org/ [运行时间：0.018667s][吞吐率：53.57req/s] [内存消耗：1,949.03kb] [文件加载：51]
[ info ] [ LANG ] /usr/local/apache/htdocs/tp5/thinkphp/lang/zh-cn.php
[ info ] [ BIND ] 'api'
[ info ] [ ROUTE ] array (
  'type' => 'module',
  'module' => 
  array (
    0 => 'api',
    1 => NULL,
    2 => NULL,
  ),
)
[ info ] [ HEADER ] array (
  'host' => 'www.rfa.org',
  'connection' => 'keep-alive',
  'accept-encoding' => 'gzip, deflate',
  'accept' => '*/*',
  'user-agent' => 'python-requests/2.6.0 CPython/2.7.5 Linux/3.10.0-693.11.1.el7.x86_64',
)
[ info ] [ PARAM ] array (
)
[ info ] [ RUN ] app\api\controller\Api->login[ /usr/local/apache/htdocs/tp5/application/api/controller/Api.php ]
[ info ] [ SESSION ] INIT array (
  'id' => '',
  'var_session_id' => '',
  'prefix' => 'think',
  'type' => '',
  'auto_start' => true,
)
[ info ] [ VIEW ] /usr/local/apache/htdocs/tp5/public/../application/api/view/api/login.html [ array (
) ]
[ info ] [ LOG ] INIT File

---------------------------------------------------------------
[ 2021-04-03T21:48:29+08:00 ] 172.22.7.183 123.160.174.46 GET http://wujieliulan.com/
[ log ] wujieliulan.comhttp://wujieliulan.com/ [运行时间：0.053828s][吞吐率：18.58req/s] [内存消耗：1,949.10kb] [文件加载：51]
[ info ] [ LANG ] /usr/local/apache/htdocs/tp5/thinkphp/lang/zh-cn.php
[ info ] [ BIND ] 'api'
[ info ] [ ROUTE ] array (
  'type' => 'module',
  'module' => 
  array (
    0 => 'api',
    1 => NULL,
    2 => NULL,
  ),
)
[ info ] [ HEADER ] array (
  'host' => 'wujieliulan.com',
  'connection' => 'keep-alive',
  'accept-encoding' => 'gzip, deflate',
  'accept' => '*/*',
  'user-agent' => 'python-requests/2.6.0 CPython/2.7.5 Linux/3.10.0-693.11.1.el7.x86_64',
)
[ info ] [ PARAM ] array (
)
[ info ] [ RUN ] app\api\controller\Api->login[ /usr/local/apache/htdocs/tp5/application/api/controller/Api.php ]
[ info ] [ SESSION ] INIT array (
  'id' => '',
  'var_session_id' => '',
  'prefix' => 'think',
  'type' => '',
  'auto_start' => true,
)
[ info ] [ VIEW ] /usr/local/apache/htdocs/tp5/public/../application/api/view/api/login.html [ array (
) ]
[ info ] [ LOG ] INIT File

---------------------------------------------------------------
[ 2021-04-03T21:48:29+08:00 ] 172.22.7.183 123.160.174.46 GET http://www.minghui.org/
[ log ] www.minghui.orghttp://www.minghui.org/ [运行时间：0.047093s][吞吐率：21.23req/s] [内存消耗：1,949.10kb] [文件加载：51]
[ info ] [ LANG ] /usr/local/apache/htdocs/tp5/thinkphp/lang/zh-cn.php
[ info ] [ BIND ] 'api'
[ info ] [ ROUTE ] array (
  'type' => 'module',
  'module' => 
  array (
    0 => 'api',
    1 => NULL,
    2 => NULL,
  ),
)
[ info ] [ HEADER ] array (
  'host' => 'www.minghui.org',
  'connection' => 'keep-alive',
  'accept-encoding' => 'gzip, deflate',
  'accept' => '*/*',
  'user-agent' => 'python-requests/2.6.0 CPython/2.7.5 Linux/3.10.0-693.11.1.el7.x86_64',
)
[ info ] [ PARAM ] array (
)
[ info ] [ RUN ] app\api\controller\Api->login[ /usr/local/apache/htdocs/tp5/application/api/controller/Api.php ]
[ info ] [ SESSION ] INIT array (
  'id' => '',
  'var_session_id' => '',
  'prefix' => 'think',
  'type' => '',
  'auto_start' => true,
)
[ info ] [ VIEW ] /usr/local/apache/htdocs/tp5/public/../application/api/view/api/login.html [ array (
) ]
[ info ] [ LOG ] INIT File

---------------------------------------------------------------
[ 2021-04-03T21:48:29+08:00 ] 172.22.7.183 123.160.174.46 GET http://www.epochtimes.com/
[ log ] www.epochtimes.comhttp://www.epochtimes.com/ [运行时间：0.059089s][吞吐率：16.92req/s] [内存消耗：1,949.13kb] [文件加载：51]
[ info ] [ LANG ] /usr/local/apache/htdocs/tp5/thinkphp/lang/zh-cn.php
[ info ] [ BIND ] 'api'
[ info ] [ ROUTE ] array (
  'type' => 'module',
  'module' => 
  array (
    0 => 'api',
    1 => NULL,
    2 => NULL,
  ),
)
[ info ] [ HEADER ] array (
  'host' => 'www.epochtimes.com',
  'connection' => 'keep-alive',
  'accept-encoding' => 'gzip, deflate',
  'accept' => '*/*',
  'user-agent' => 'python-requests/2.6.0 CPython/2.7.5 Linux/3.10.0-693.11.1.el7.x86_64',
)
[ info ] [ PARAM ] array (
)
[ info ] [ RUN ] app\api\controller\Api->login[ /usr/local/apache/htdocs/tp5/application/api/controller/Api.php ]
[ info ] [ SESSION ] INIT array (
  'id' => '',
  'var_session_id' => '',
  'prefix' => 'think',
  'type' => '',
  'auto_start' => true,
)
[ info ] [ VIEW ] /usr/local/apache/htdocs/tp5/public/../application/api/view/api/login.html [ array (
) ]
[ info ] [ LOG ] INIT File

---------------------------------------------------------------
[ 2021-04-03T21:48:29+08:00 ] 172.22.7.183 123.160.174.46 GET http://www.baidu.com/
[ log ] www.baidu.comhttp://www.baidu.com/ [运行时间：0.097790s][吞吐率：10.23req/s] [内存消耗：1,949.10kb] [文件加载：51]
[ info ] [ LANG ] /usr/local/apache/htdocs/tp5/thinkphp/lang/zh-cn.php
[ info ] [ BIND ] 'api'
[ info ] [ ROUTE ] array (
  'type' => 'module',
  'module' => 
  array (
    0 => 'api',
    1 => NULL,
    2 => NULL,
  ),
)
[ info ] [ HEADER ] array (
  'host' => 'www.baidu.com',
  'connection' => 'keep-alive',
  'accept-encoding' => 'gzip, deflate',
  'accept' => '*/*',
  'user-agent' => 'python-requests/2.6.0 CPython/2.7.5 Linux/3.10.0-693.11.1.el7.x86_64',
)
[ info ] [ PARAM ] array (
)
[ info ] [ RUN ] app\api\controller\Api->login[ /usr/local/apache/htdocs/tp5/application/api/controller/Api.php ]
[ info ] [ SESSION ] INIT array (
  'id' => '',
  'var_session_id' => '',
  'prefix' => 'think',
  'type' => '',
  'auto_start' => true,
)
[ info ] [ VIEW ] /usr/local/apache/htdocs/tp5/public/../application/api/view/api/login.html [ array (
) ]
[ info ] [ LOG ] INIT File

---------------------------------------------------------------
[ 2021-04-03T21:48:29+08:00 ] 172.22.7.183 123.160.174.46 GET http://www.boxun.com/
[ log ] www.boxun.comhttp://www.boxun.com/ [运行时间：0.071397s][吞吐率：14.01req/s] [内存消耗：1,949.10kb] [文件加载：51]
[ info ] [ LANG ] /usr/local/apache/htdocs/tp5/thinkphp/lang/zh-cn.php
[ info ] [ BIND ] 'api'
[ info ] [ ROUTE ] array (
  'type' => 'module',
  'module' => 
  array (
    0 => 'api',
    1 => NULL,
    2 => NULL,
  ),
)
[ info ] [ HEADER ] array (
  'host' => 'www.boxun.com',
  'connection' => 'keep-alive',
  'accept-encoding' => 'gzip, deflate',
  'accept' => '*/*',
  'user-agent' => 'python-requests/2.6.0 CPython/2.7.5 Linux/3.10.0-693.11.1.el7.x86_64',
)
[ info ] [ PARAM ] array (
)
[ info ] [ RUN ] app\api\controller\Api->login[ /usr/local/apache/htdocs/tp5/application/api/controller/Api.php ]
[ info ] [ SESSION ] INIT array (
  'id' => '',
  'var_session_id' => '',
  'prefix' => 'think',
  'type' => '',
  'auto_start' => true,
)
[ info ] [ VIEW ] /usr/local/apache/htdocs/tp5/public/../application/api/view/api/login.html [ array (
) ]
[ info ] [ LOG ] INIT File

---------------------------------------------------------------
[ 2021-04-03T21:48:29+08:00 ] 172.22.7.183 123.160.174.46 GET http://www.123cha.com/
[ log ] www.123cha.comhttp://www.123cha.com/ [运行时间：0.072364s][吞吐率：13.82req/s] [内存消耗：1,949.10kb] [文件加载：51]
[ info ] [ LANG ] /usr/local/apache/htdocs/tp5/thinkphp/lang/zh-cn.php
[ info ] [ BIND ] 'api'
[ info ] [ ROUTE ] array (
  'type' => 'module',
  'module' => 
  array (
    0 => 'api',
    1 => NULL,
    2 => NULL,
  ),
)
[ info ] [ HEADER ] array (
  'host' => 'www.123cha.com',
  'connection' => 'keep-alive',
  'accept-encoding' => 'gzip, deflate',
  'accept' => '*/*',
  'user-agent' => 'python-requests/2.6.0 CPython/2.7.5 Linux/3.10.0-693.11.1.el7.x86_64',
)
[ info ] [ PARAM ] array (
)
[ info ] [ RUN ] app\api\controller\Api->login[ /usr/local/apache/htdocs/tp5/application/api/controller/Api.php ]
[ info ] [ SESSION ] INIT array (
  'id' => '',
  'var_session_id' => '',
  'prefix' => 'think',
  'type' => '',
  'auto_start' => true,
)
[ info ] [ VIEW ] /usr/local/apache/htdocs/tp5/public/../application/api/view/api/login.html [ array (
) ]
[ info ] [ LOG ] INIT File

---------------------------------------------------------------
[ 2021-04-03T21:48:29+08:00 ] 172.22.7.183 123.160.174.46 GET http://www.bing.com/
[ log ] www.bing.comhttp://www.bing.com/ [运行时间：0.055141s][吞吐率：18.14req/s] [内存消耗：1,949.04kb] [文件加载：51]
[ info ] [ LANG ] /usr/local/apache/htdocs/tp5/thinkphp/lang/zh-cn.php
[ info ] [ BIND ] 'api'
[ info ] [ ROUTE ] array (
  'type' => 'module',
  'module' => 
  array (
    0 => 'api',
    1 => NULL,
    2 => NULL,
  ),
)
[ info ] [ HEADER ] array (
  'host' => 'www.bing.com',
  'connection' => 'keep-alive',
  'accept-encoding' => 'gzip, deflate',
  'accept' => '*/*',
  'user-agent' => 'python-requests/2.6.0 CPython/2.7.5 Linux/3.10.0-693.11.1.el7.x86_64',
)
[ info ] [ PARAM ] array (
)
[ info ] [ RUN ] app\api\controller\Api->login[ /usr/local/apache/htdocs/tp5/application/api/controller/Api.php ]
[ info ] [ SESSION ] INIT array (
  'id' => '',
  'var_session_id' => '',
  'prefix' => 'think',
  'type' => '',
  'auto_start' => true,
)
[ info ] [ VIEW ] /usr/local/apache/htdocs/tp5/public/../application/api/view/api/login.html [ array (
) ]
[ info ] [ LOG ] INIT File

---------------------------------------------------------------
[ 2021-04-03T23:00:41+08:00 ] 172.22.7.183 171.109.233.111 GET /index/shop.html
[ log ] 120.77.146.195/index/shop.html [运行时间：0.022809s][吞吐率：43.84req/s] [内存消耗：2,097.69kb] [文件加载：51]
[ info ] [ LANG ] /usr/local/apache/htdocs/tp5/thinkphp/lang/zh-cn.php
[ info ] [ BIND ] 'api'
[ info ] [ ROUTE ] array (
  'type' => 'module',
  'module' => 
  array (
    0 => 'api',
    1 => 'index',
    2 => 'shop',
  ),
)
[ info ] [ HEADER ] array (
  'host' => '120.77.146.195',
  'user-agent' => 'Mozilla/5.0 (Windows NT 10.0; Win64; x64; rv:87.0) Gecko/20100101 Firefox/87.0',
  'accept' => 'text/html,application/xhtml+xml,application/xml;q=0.9,image/webp,*/*;q=0.8',
  'accept-language' => 'zh-CN,zh;q=0.8,zh-TW;q=0.7,zh-HK;q=0.5,en-US;q=0.3,en;q=0.2',
  'accept-encoding' => 'gzip, deflate',
  'connection' => 'keep-alive',
  'referer' => 'http://120.77.146.195/index/today.html',
  'cookie' => 'PHPSESSID=ssp739e7vt72etsp11mkokltc5',
  'upgrade-insecure-requests' => '1',
)
[ info ] [ PARAM ] array (
  '/index/shop_html' => '',
)
[ info ] [ SESSION ] INIT array (
  'id' => '',
  'var_session_id' => '',
  'prefix' => 'think',
  'type' => '',
  'auto_start' => true,
)
[ info ] [ RUN ] app\api\controller\Index->shop[ /usr/local/apache/htdocs/tp5/application/api/controller/Index.php ]
[ info ] [ VIEW ] /usr/local/apache/htdocs/tp5/public/../application/api/view/index/shop.html [ array (
) ]
[ info ] [ LOG ] INIT File

---------------------------------------------------------------
[ 2021-04-03T23:00:44+08:00 ] 172.22.7.183 171.109.233.111 GET /index/index.html
[ log ] 120.77.146.195/index/index.html [运行时间：0.024738s][吞吐率：40.42req/s] [内存消耗：1,923.45kb] [文件加载：49]
[ info ] [ LANG ] /usr/local/apache/htdocs/tp5/thinkphp/lang/zh-cn.php
[ info ] [ BIND ] 'api'
[ info ] [ ROUTE ] array (
  'type' => 'module',
  'module' => 
  array (
    0 => 'api',
    1 => 'index',
    2 => 'index',
  ),
)
[ info ] [ HEADER ] array (
  'host' => '120.77.146.195',
  'user-agent' => 'Mozilla/5.0 (Windows NT 10.0; Win64; x64; rv:87.0) Gecko/20100101 Firefox/87.0',
  'accept' => 'text/html,application/xhtml+xml,application/xml;q=0.9,image/webp,*/*;q=0.8',
  'accept-language' => 'zh-CN,zh;q=0.8,zh-TW;q=0.7,zh-HK;q=0.5,en-US;q=0.3,en;q=0.2',
  'accept-encoding' => 'gzip, deflate',
  'connection' => 'keep-alive',
  'referer' => 'http://120.77.146.195/index/shop.html',
  'cookie' => 'PHPSESSID=ssp739e7vt72etsp11mkokltc5',
  'upgrade-insecure-requests' => '1',
)
[ info ] [ PARAM ] array (
  '/index/index_html' => '',
)
[ info ] [ SESSION ] INIT array (
  'id' => '',
  'var_session_id' => '',
  'prefix' => 'think',
  'type' => '',
  'auto_start' => true,
)
[ info ] [ RUN ] app\api\controller\Index->index[ /usr/local/apache/htdocs/tp5/application/api/controller/Index.php ]
[ info ] [ VIEW ] /usr/local/apache/htdocs/tp5/public/../application/api/view/index/index.html [ array (
  0 => 'name',
  1 => 'rand',
) ]
[ info ] [ LOG ] INIT File

---------------------------------------------------------------
[ 2021-04-03T23:09:39+08:00 ] 172.22.7.183 65.49.20.67 GET /
[ log ] 120.77.146.195/ [运行时间：0.017888s][吞吐率：55.90req/s] [内存消耗：1,948.49kb] [文件加载：51]
[ info ] [ LANG ] /usr/local/apache/htdocs/tp5/thinkphp/lang/zh-cn.php
[ info ] [ BIND ] 'api'
[ info ] [ ROUTE ] array (
  'type' => 'module',
  'module' => 
  array (
    0 => 'api',
    1 => NULL,
    2 => NULL,
  ),
)
[ info ] [ HEADER ] array (
  'host' => '120.77.146.195',
)
[ info ] [ PARAM ] array (
)
[ info ] [ RUN ] app\api\controller\Api->login[ /usr/local/apache/htdocs/tp5/application/api/controller/Api.php ]
[ info ] [ SESSION ] INIT array (
  'id' => '',
  'var_session_id' => '',
  'prefix' => 'think',
  'type' => '',
  'auto_start' => true,
)
[ info ] [ VIEW ] /usr/local/apache/htdocs/tp5/public/../application/api/view/api/login.html [ array (
) ]
[ info ] [ LOG ] INIT File

---------------------------------------------------------------
